/n/groups/reich/hringbauer/git/hapBLOCK/output/simulated/TSI/ch3_16cm/

Started Mosaic Object. Working Directory:
/n/groups/reich/hringbauer/git/hapBLOCK/notebook/simulate/multirun

Loaded 77652 variants
Loaded 2504 individuals
HDF5 loaded from /n/groups/reich/hringbauer/git/hapBLOCK/data/hdf5/1240k_1000G/chr3.hdf5
(77652, 2504, 2)
Loaded 2504 individual meta file.

Doing Individual iid0A and iid0B
Found 107 Individuals in ['TSI']
Setting new Genotypes...
Finished chunked Genotypes
Setting new Genotypes...
Finished chunked Genotypes
Copying in Block: 0.1874-0.3474 M
Copying in Block: 0.1874-0.3474 M
Copying in Block: 0.6851-0.8451 M
Copying in Block: 0.6851-0.8451 M
Copying in Block: 1.1561-1.3170 M
Copying in Block: 1.1561-1.3170 M
Copying in Block: 1.8082-1.9684 M
Copying in Block: 1.8082-1.9684 M

Doing Individual iid1A and iid1B
Found 107 Individuals in ['TSI']
Setting new Genotypes...
Finished chunked Genotypes
Setting new Genotypes...
Finished chunked Genotypes
Copying in Block: 0.1123-0.2733 M
Copying in Block: 0.1123-0.2733 M
Copying in Block: 0.7564-0.9164 M
Copying in Block: 0.7564-0.9164 M
Copying in Block: 1.1662-1.3261 M
Copying in Block: 1.1662-1.3261 M
Copying in Block: 1.7869-1.9467 M
Copying in Block: 1.7869-1.9467 M

Doing Individual iid2A and iid2B
Found 107 Individuals in ['TSI']
Setting new Genotypes...
Finished chunked Genotypes
Setting new Genotypes...
Finished chunked Genotypes
Copying in Block: 0.0334-0.1937 M
Copying in Block: 0.0334-0.1937 M
Copying in Block: 0.6957-0.8564 M
Copying in Block: 0.6957-0.8564 M
Copying in Block: 1.2414-1.4014 M
Copying in Block: 1.2414-1.4014 M
Copying in Block: 1.6830-1.8431 M
Copying in Block: 1.6830-1.8431 M

Doing Individual iid3A and iid3B
Found 107 Individuals in ['TSI']
Setting new Genotypes...
Finished chunked Genotypes
Setting new Genotypes...
Finished chunked Genotypes
Copying in Block: 0.2353-0.3947 M
Copying in Block: 0.2353-0.3947 M
Copying in Block: 0.5919-0.7525 M
Copying in Block: 0.5919-0.7525 M
Copying in Block: 1.2752-1.4343 M
Copying in Block: 1.2752-1.4343 M
Copying in Block: 1.7308-1.8907 M
Copying in Block: 1.7308-1.8907 M

Doing Individual iid4A and iid4B
Found 107 Individuals in ['TSI']
Setting new Genotypes...
Finished chunked Genotypes
Setting new Genotypes...
Finished chunked Genotypes
Copying in Block: 0.1610-0.3205 M
Copying in Block: 0.1610-0.3205 M
Copying in Block: 0.7269-0.8860 M
Copying in Block: 0.7269-0.8860 M
Copying in Block: 1.3116-1.4716 M
Copying in Block: 1.3116-1.4716 M
Copying in Block: 1.7389-1.8987 M
Copying in Block: 1.7389-1.8987 M

Doing Individual iid5A and iid5B
Found 107 Individuals in ['TSI']
Setting new Genotypes...
Finished chunked Genotypes
Setting new Genotypes...
Finished chunked Genotypes
Copying in Block: 0.1783-0.3383 M
Copying in Block: 0.1783-0.3383 M
Copying in Block: 0.5673-0.7276 M
Copying in Block: 0.5673-0.7276 M
Copying in Block: 1.1527-1.3117 M
Copying in Block: 1.1527-1.3117 M
Copying in Block: 1.7105-1.8708 M
Copying in Block: 1.7105-1.8708 M

Doing Individual iid6A and iid6B
Found 107 Individuals in ['TSI']
Setting new Genotypes...
Finished chunked Genotypes
Setting new Genotypes...
Finished chunked Genotypes
Copying in Block: 0.0228-0.1829 M
Copying in Block: 0.0228-0.1829 M
Copying in Block: 0.5857-0.7456 M
Copying in Block: 0.5857-0.7456 M
Copying in Block: 1.2791-1.4394 M
Copying in Block: 1.2791-1.4394 M
Copying in Block: 1.8541-2.0141 M
Copying in Block: 1.8541-2.0141 M

Doing Individual iid7A and iid7B
Found 107 Individuals in ['TSI']
Setting new Genotypes...
Finished chunked Genotypes
Setting new Genotypes...
Finished chunked Genotypes
Copying in Block: 0.0943-0.2546 M
Copying in Block: 0.0943-0.2546 M
Copying in Block: 0.6189-0.7789 M
Copying in Block: 0.6189-0.7789 M
Copying in Block: 1.2602-1.4201 M
Copying in Block: 1.2602-1.4201 M
Copying in Block: 1.7470-1.9067 M
Copying in Block: 1.7470-1.9067 M

Doing Individual iid8A and iid8B
Found 107 Individuals in ['TSI']
Setting new Genotypes...
Finished chunked Genotypes
Setting new Genotypes...
Finished chunked Genotypes
Copying in Block: 0.0245-0.1854 M
Copying in Block: 0.0245-0.1854 M
Copying in Block: 0.6906-0.8506 M
Copying in Block: 0.6906-0.8506 M
Copying in Block: 1.2602-1.4188 M
Copying in Block: 1.2602-1.4188 M
Copying in Block: 1.7889-1.9489 M
Copying in Block: 1.7889-1.9489 M

Doing Individual iid9A and iid9B
Found 107 Individuals in ['TSI']
Setting new Genotypes...
Finished chunked Genotypes
Setting new Genotypes...
Finished chunked Genotypes
Copying in Block: 0.2196-0.3796 M
Copying in Block: 0.2196-0.3796 M
Copying in Block: 0.6899-0.8501 M
Copying in Block: 0.6899-0.8501 M
Copying in Block: 1.2426-1.4026 M
Copying in Block: 1.2426-1.4026 M
Copying in Block: 1.8248-1.9849 M
Copying in Block: 1.8248-1.9849 M

Doing Individual iid10A and iid10B
Found 107 Individuals in ['TSI']
Setting new Genotypes...
Finished chunked Genotypes
Setting new Genotypes...
Finished chunked Genotypes
Copying in Block: 0.0588-0.2193 M
Copying in Block: 0.0588-0.2193 M
Copying in Block: 0.7303-0.8906 M
Copying in Block: 0.7303-0.8906 M
Copying in Block: 1.3057-1.4658 M
Copying in Block: 1.3057-1.4658 M
Copying in Block: 1.6886-1.8485 M
Copying in Block: 1.6886-1.8485 M

Doing Individual iid11A and iid11B
Found 107 Individuals in ['TSI']
Setting new Genotypes...
Finished chunked Genotypes
Setting new Genotypes...
Finished chunked Genotypes
Copying in Block: 0.1446-0.3046 M
Copying in Block: 0.1446-0.3046 M
Copying in Block: 0.6229-0.7814 M
Copying in Block: 0.6229-0.7814 M
Copying in Block: 1.2049-1.3648 M
Copying in Block: 1.2049-1.3648 M
Copying in Block: 1.7066-1.8673 M
Copying in Block: 1.7066-1.8673 M

Doing Individual iid12A and iid12B
Found 107 Individuals in ['TSI']
Setting new Genotypes...
Finished chunked Genotypes
Setting new Genotypes...
Finished chunked Genotypes
Copying in Block: 0.0426-0.2029 M
Copying in Block: 0.0426-0.2029 M
Copying in Block: 0.7024-0.8620 M
Copying in Block: 0.7024-0.8620 M
Copying in Block: 1.1323-1.2922 M
Copying in Block: 1.1323-1.2922 M
Copying in Block: 1.7858-1.9455 M
Copying in Block: 1.7858-1.9455 M

Doing Individual iid13A and iid13B
Found 107 Individuals in ['TSI']
Setting new Genotypes...
Finished chunked Genotypes
Setting new Genotypes...
Finished chunked Genotypes
Copying in Block: 0.0458-0.2065 M
Copying in Block: 0.0458-0.2065 M
Copying in Block: 0.7773-0.9378 M
Copying in Block: 0.7773-0.9378 M
Copying in Block: 1.1811-1.3411 M
Copying in Block: 1.1811-1.3411 M
Copying in Block: 1.8881-2.0489 M
Copying in Block: 1.8881-2.0489 M

Doing Individual iid14A and iid14B
Found 107 Individuals in ['TSI']
Setting new Genotypes...
Finished chunked Genotypes
Setting new Genotypes...
Finished chunked Genotypes
Copying in Block: 0.1789-0.3385 M
Copying in Block: 0.1789-0.3385 M
Copying in Block: 0.7505-0.9103 M
Copying in Block: 0.7505-0.9103 M
Copying in Block: 1.2912-1.4510 M
Copying in Block: 1.2912-1.4510 M
Copying in Block: 1.6809-1.8411 M
Copying in Block: 1.6809-1.8411 M

Doing Individual iid15A and iid15B
Found 107 Individuals in ['TSI']
Setting new Genotypes...
Finished chunked Genotypes
Setting new Genotypes...
Finished chunked Genotypes
Copying in Block: 0.0120-0.1715 M
Copying in Block: 0.0120-0.1715 M
Copying in Block: 0.6242-0.7841 M
Copying in Block: 0.6242-0.7841 M
Copying in Block: 1.1317-1.2914 M
Copying in Block: 1.1317-1.2914 M
Copying in Block: 1.7474-1.9075 M
Copying in Block: 1.7474-1.9075 M

Doing Individual iid16A and iid16B
Found 107 Individuals in ['TSI']
Setting new Genotypes...
Finished chunked Genotypes
Setting new Genotypes...
Finished chunked Genotypes
Copying in Block: 0.2324-0.3924 M
Copying in Block: 0.2324-0.3924 M
Copying in Block: 0.6129-0.7726 M
Copying in Block: 0.6129-0.7726 M
Copying in Block: 1.1743-1.3343 M
Copying in Block: 1.1743-1.3343 M
Copying in Block: 1.8360-1.9953 M
Copying in Block: 1.8360-1.9953 M

Doing Individual iid17A and iid17B
Found 107 Individuals in ['TSI']
Setting new Genotypes...
Finished chunked Genotypes
Setting new Genotypes...
Finished chunked Genotypes
Copying in Block: 0.0281-0.1878 M
Copying in Block: 0.0281-0.1878 M
Copying in Block: 0.7867-0.9464 M
Copying in Block: 0.7867-0.9464 M
Copying in Block: 1.1242-1.2840 M
Copying in Block: 1.1242-1.2840 M
Copying in Block: 1.7504-1.9103 M
Copying in Block: 1.7504-1.9103 M

Doing Individual iid18A and iid18B
Found 107 Individuals in ['TSI']
Setting new Genotypes...
Finished chunked Genotypes
Setting new Genotypes...
Finished chunked Genotypes
Copying in Block: 0.0265-0.1860 M
Copying in Block: 0.0265-0.1860 M
Copying in Block: 0.6299-0.7897 M
Copying in Block: 0.6299-0.7897 M
Copying in Block: 1.3311-1.4909 M
Copying in Block: 1.3311-1.4909 M
Copying in Block: 1.8034-1.9635 M
Copying in Block: 1.8034-1.9635 M

Doing Individual iid19A and iid19B
Found 107 Individuals in ['TSI']
Setting new Genotypes...
Finished chunked Genotypes
Setting new Genotypes...
Finished chunked Genotypes
Copying in Block: 0.0379-0.1968 M
Copying in Block: 0.0379-0.1968 M
Copying in Block: 0.6247-0.7843 M
Copying in Block: 0.6247-0.7843 M
Copying in Block: 1.2840-1.4437 M
Copying in Block: 1.2840-1.4437 M
Copying in Block: 1.8086-1.9686 M
Copying in Block: 1.8086-1.9686 M

Doing Individual iid20A and iid20B
Found 107 Individuals in ['TSI']
Setting new Genotypes...
Finished chunked Genotypes
Setting new Genotypes...
Finished chunked Genotypes
Copying in Block: 0.0177-0.1777 M
Copying in Block: 0.0177-0.1777 M
Copying in Block: 0.5676-0.7276 M
Copying in Block: 0.5676-0.7276 M
Copying in Block: 1.2853-1.4445 M
Copying in Block: 1.2853-1.4445 M
Copying in Block: 1.8721-2.0325 M
Copying in Block: 1.8721-2.0325 M

Doing Individual iid21A and iid21B
Found 107 Individuals in ['TSI']
Setting new Genotypes...
Finished chunked Genotypes
Setting new Genotypes...
Finished chunked Genotypes
Copying in Block: 0.2293-0.3893 M
Copying in Block: 0.2293-0.3893 M
Copying in Block: 0.6090-0.7688 M
Copying in Block: 0.6090-0.7688 M
Copying in Block: 1.2776-1.4370 M
Copying in Block: 1.2776-1.4370 M
Copying in Block: 1.7571-1.9171 M
Copying in Block: 1.7571-1.9171 M

Doing Individual iid22A and iid22B
Found 107 Individuals in ['TSI']
Setting new Genotypes...
Finished chunked Genotypes
Setting new Genotypes...
Finished chunked Genotypes
Copying in Block: 0.0873-0.2474 M
Copying in Block: 0.0873-0.2474 M
Copying in Block: 0.7936-0.9530 M
Copying in Block: 0.7936-0.9530 M
Copying in Block: 1.2109-1.3710 M
Copying in Block: 1.2109-1.3710 M
Copying in Block: 1.7439-1.9039 M
Copying in Block: 1.7439-1.9039 M

Doing Individual iid23A and iid23B
Found 107 Individuals in ['TSI']
Setting new Genotypes...
Finished chunked Genotypes
Setting new Genotypes...
Finished chunked Genotypes
Copying in Block: 0.0965-0.2565 M
Copying in Block: 0.0965-0.2565 M
Copying in Block: 0.7900-0.9500 M
Copying in Block: 0.7900-0.9500 M
Copying in Block: 1.2217-1.3818 M
Copying in Block: 1.2217-1.3818 M
Copying in Block: 1.7657-1.9258 M
Copying in Block: 1.7657-1.9258 M

Doing Individual iid24A and iid24B
Found 107 Individuals in ['TSI']
Setting new Genotypes...
Finished chunked Genotypes
Setting new Genotypes...
Finished chunked Genotypes
Copying in Block: 0.1080-0.2680 M
Copying in Block: 0.1080-0.2680 M
Copying in Block: 0.6917-0.8516 M
Copying in Block: 0.6917-0.8516 M
Copying in Block: 1.3489-1.5089 M
Copying in Block: 1.3489-1.5089 M
Copying in Block: 1.7858-1.9458 M
Copying in Block: 1.7858-1.9458 M

Doing Individual iid25A and iid25B
Found 107 Individuals in ['TSI']
Setting new Genotypes...
Finished chunked Genotypes
Setting new Genotypes...
Finished chunked Genotypes
Copying in Block: 0.1264-0.2865 M
Copying in Block: 0.1264-0.2865 M
Copying in Block: 0.7706-0.9309 M
Copying in Block: 0.7706-0.9309 M
Copying in Block: 1.3486-1.5086 M
Copying in Block: 1.3486-1.5086 M
Copying in Block: 1.8214-1.9818 M
Copying in Block: 1.8214-1.9818 M

Doing Individual iid26A and iid26B
Found 107 Individuals in ['TSI']
Setting new Genotypes...
Finished chunked Genotypes
Setting new Genotypes...
Finished chunked Genotypes
Copying in Block: 0.1929-0.3526 M
Copying in Block: 0.1929-0.3526 M
Copying in Block: 0.7065-0.8664 M
Copying in Block: 0.7065-0.8664 M
Copying in Block: 1.3065-1.4670 M
Copying in Block: 1.3065-1.4670 M
Copying in Block: 1.7505-1.9107 M
Copying in Block: 1.7505-1.9107 M

Doing Individual iid27A and iid27B
Found 107 Individuals in ['TSI']
Setting new Genotypes...
Finished chunked Genotypes
Setting new Genotypes...
Finished chunked Genotypes
Copying in Block: 0.0838-0.2438 M
Copying in Block: 0.0838-0.2438 M
Copying in Block: 0.6800-0.8400 M
Copying in Block: 0.6800-0.8400 M
Copying in Block: 1.2776-1.4377 M
Copying in Block: 1.2776-1.4377 M
Copying in Block: 1.7603-1.9200 M
Copying in Block: 1.7603-1.9200 M

Doing Individual iid28A and iid28B
Found 107 Individuals in ['TSI']
Setting new Genotypes...
Finished chunked Genotypes
Setting new Genotypes...
Finished chunked Genotypes
Copying in Block: 0.1305-0.2904 M
Copying in Block: 0.1305-0.2904 M
Copying in Block: 0.5975-0.7576 M
Copying in Block: 0.5975-0.7576 M
Copying in Block: 1.1560-1.3154 M
Copying in Block: 1.1560-1.3154 M
Copying in Block: 1.8317-1.9920 M
Copying in Block: 1.8317-1.9920 M

Doing Individual iid29A and iid29B
Found 107 Individuals in ['TSI']
Setting new Genotypes...
Finished chunked Genotypes
Setting new Genotypes...
Finished chunked Genotypes
Copying in Block: 0.0060-0.1672 M
Copying in Block: 0.0060-0.1672 M
Copying in Block: 0.7505-0.9104 M
Copying in Block: 0.7505-0.9104 M
Copying in Block: 1.1325-1.2925 M
Copying in Block: 1.1325-1.2925 M
Copying in Block: 1.8997-2.0597 M
Copying in Block: 1.8997-2.0597 M

Doing Individual iid30A and iid30B
Found 107 Individuals in ['TSI']
Setting new Genotypes...
Finished chunked Genotypes
Setting new Genotypes...
Finished chunked Genotypes
Copying in Block: 0.1180-0.2778 M
Copying in Block: 0.1180-0.2778 M
Copying in Block: 0.7629-0.9231 M
Copying in Block: 0.7629-0.9231 M
Copying in Block: 1.2912-1.4512 M
Copying in Block: 1.2912-1.4512 M
Copying in Block: 1.8107-1.9705 M
Copying in Block: 1.8107-1.9705 M

Doing Individual iid31A and iid31B
Found 107 Individuals in ['TSI']
Setting new Genotypes...
Finished chunked Genotypes
Setting new Genotypes...
Finished chunked Genotypes
Copying in Block: 0.0895-0.2491 M
Copying in Block: 0.0895-0.2491 M
Copying in Block: 0.6845-0.8448 M
Copying in Block: 0.6845-0.8448 M
Copying in Block: 1.1344-1.2945 M
Copying in Block: 1.1344-1.2945 M
Copying in Block: 1.8212-1.9818 M
Copying in Block: 1.8212-1.9818 M

Doing Individual iid32A and iid32B
Found 107 Individuals in ['TSI']
Setting new Genotypes...
Finished chunked Genotypes
Setting new Genotypes...
Finished chunked Genotypes
Copying in Block: 0.0739-0.2337 M
Copying in Block: 0.0739-0.2337 M
Copying in Block: 0.7341-0.8942 M
Copying in Block: 0.7341-0.8942 M
Copying in Block: 1.1965-1.3565 M
Copying in Block: 1.1965-1.3565 M
Copying in Block: 1.7579-1.9184 M
Copying in Block: 1.7579-1.9184 M

Doing Individual iid33A and iid33B
Found 107 Individuals in ['TSI']
Setting new Genotypes...
Finished chunked Genotypes
Setting new Genotypes...
Finished chunked Genotypes
Copying in Block: 0.0523-0.2123 M
Copying in Block: 0.0523-0.2123 M
Copying in Block: 0.7649-0.9252 M
Copying in Block: 0.7649-0.9252 M
Copying in Block: 1.1641-1.3241 M
Copying in Block: 1.1641-1.3241 M
Copying in Block: 1.7806-1.9405 M
Copying in Block: 1.7806-1.9405 M

Doing Individual iid34A and iid34B
Found 107 Individuals in ['TSI']
Setting new Genotypes...
Finished chunked Genotypes
Setting new Genotypes...
Finished chunked Genotypes
Copying in Block: 0.0354-0.1968 M
Copying in Block: 0.0354-0.1968 M
Copying in Block: 0.7174-0.8774 M
Copying in Block: 0.7174-0.8774 M
Copying in Block: 1.1864-1.3464 M
Copying in Block: 1.1864-1.3464 M
Copying in Block: 1.7665-1.9264 M
Copying in Block: 1.7665-1.9264 M

Doing Individual iid35A and iid35B
Found 107 Individuals in ['TSI']
Setting new Genotypes...
Finished chunked Genotypes
Setting new Genotypes...
Finished chunked Genotypes
Copying in Block: 0.0805-0.2407 M
Copying in Block: 0.0805-0.2407 M
Copying in Block: 0.7525-0.9119 M
Copying in Block: 0.7525-0.9119 M
Copying in Block: 1.1735-1.3340 M
Copying in Block: 1.1735-1.3340 M
Copying in Block: 1.8360-1.9953 M
Copying in Block: 1.8360-1.9953 M

Doing Individual iid36A and iid36B
Found 107 Individuals in ['TSI']
Setting new Genotypes...
Finished chunked Genotypes
Setting new Genotypes...
Finished chunked Genotypes
Copying in Block: 0.1734-0.3335 M
Copying in Block: 0.1734-0.3335 M
Copying in Block: 0.6758-0.8359 M
Copying in Block: 0.6758-0.8359 M
Copying in Block: 1.1994-1.3593 M
Copying in Block: 1.1994-1.3593 M
Copying in Block: 1.8065-1.9656 M
Copying in Block: 1.8065-1.9656 M

Doing Individual iid37A and iid37B
Found 107 Individuals in ['TSI']
Setting new Genotypes...
Finished chunked Genotypes
Setting new Genotypes...
Finished chunked Genotypes
Copying in Block: 0.1180-0.2779 M
Copying in Block: 0.1180-0.2779 M
Copying in Block: 0.7358-0.8954 M
Copying in Block: 0.7358-0.8954 M
Copying in Block: 1.3518-1.5118 M
Copying in Block: 1.3518-1.5118 M
Copying in Block: 1.7724-1.9325 M
Copying in Block: 1.7724-1.9325 M

Doing Individual iid38A and iid38B
Found 107 Individuals in ['TSI']
Setting new Genotypes...
Finished chunked Genotypes
Setting new Genotypes...
Finished chunked Genotypes
Copying in Block: 0.0915-0.2515 M
Copying in Block: 0.0915-0.2515 M
Copying in Block: 0.7148-0.8749 M
Copying in Block: 0.7148-0.8749 M
Copying in Block: 1.3484-1.5084 M
Copying in Block: 1.3484-1.5084 M
Copying in Block: 1.6803-1.8405 M
Copying in Block: 1.6803-1.8405 M

Doing Individual iid39A and iid39B
Found 107 Individuals in ['TSI']
Setting new Genotypes...
Finished chunked Genotypes
Setting new Genotypes...
Finished chunked Genotypes
Copying in Block: 0.1227-0.2833 M
Copying in Block: 0.1227-0.2833 M
Copying in Block: 0.6903-0.8502 M
Copying in Block: 0.6903-0.8502 M
Copying in Block: 1.2993-1.4592 M
Copying in Block: 1.2993-1.4592 M
Copying in Block: 1.8185-1.9780 M
Copying in Block: 1.8185-1.9780 M

Doing Individual iid40A and iid40B
Found 107 Individuals in ['TSI']
Setting new Genotypes...
Finished chunked Genotypes
Setting new Genotypes...
Finished chunked Genotypes
Copying in Block: 0.0015-0.1615 M
Copying in Block: 0.0015-0.1615 M
Copying in Block: 0.6866-0.8465 M
Copying in Block: 0.6866-0.8465 M
Copying in Block: 1.3221-1.4821 M
Copying in Block: 1.3221-1.4821 M
Copying in Block: 1.8863-2.0465 M
Copying in Block: 1.8863-2.0465 M

Doing Individual iid41A and iid41B
Found 107 Individuals in ['TSI']
Setting new Genotypes...
Finished chunked Genotypes
Setting new Genotypes...
Finished chunked Genotypes
Copying in Block: 0.2078-0.3676 M
Copying in Block: 0.2078-0.3676 M
Copying in Block: 0.7324-0.8930 M
Copying in Block: 0.7324-0.8930 M
Copying in Block: 1.1339-1.2945 M
Copying in Block: 1.1339-1.2945 M
Copying in Block: 1.8709-2.0310 M
Copying in Block: 1.8709-2.0310 M

Doing Individual iid42A and iid42B
Found 107 Individuals in ['TSI']
Setting new Genotypes...
Finished chunked Genotypes
Setting new Genotypes...
Finished chunked Genotypes
Copying in Block: 0.2146-0.3746 M
Copying in Block: 0.2146-0.3746 M
Copying in Block: 0.7123-0.8726 M
Copying in Block: 0.7123-0.8726 M
Copying in Block: 1.2861-1.4460 M
Copying in Block: 1.2861-1.4460 M
Copying in Block: 1.8480-2.0080 M
Copying in Block: 1.8480-2.0080 M

Doing Individual iid43A and iid43B
Found 107 Individuals in ['TSI']
Setting new Genotypes...
Finished chunked Genotypes
Setting new Genotypes...
Finished chunked Genotypes
Copying in Block: 0.1815-0.3415 M
Copying in Block: 0.1815-0.3415 M
Copying in Block: 0.6892-0.8493 M
Copying in Block: 0.6892-0.8493 M
Copying in Block: 1.2046-1.3635 M
Copying in Block: 1.2046-1.3635 M
Copying in Block: 1.8240-1.9839 M
Copying in Block: 1.8240-1.9839 M

Doing Individual iid44A and iid44B
Found 107 Individuals in ['TSI']
Setting new Genotypes...
Finished chunked Genotypes
Setting new Genotypes...
Finished chunked Genotypes
Copying in Block: 0.1633-0.3231 M
Copying in Block: 0.1633-0.3231 M
Copying in Block: 0.6783-0.8377 M
Copying in Block: 0.6783-0.8377 M
Copying in Block: 1.2513-1.4117 M
Copying in Block: 1.2513-1.4117 M
Copying in Block: 1.8274-1.9874 M
Copying in Block: 1.8274-1.9874 M

Doing Individual iid45A and iid45B
Found 107 Individuals in ['TSI']
Setting new Genotypes...
Finished chunked Genotypes
Setting new Genotypes...
Finished chunked Genotypes
Copying in Block: 0.1150-0.2750 M
Copying in Block: 0.1150-0.2750 M
Copying in Block: 0.6242-0.7841 M
Copying in Block: 0.6242-0.7841 M
Copying in Block: 1.2490-1.4087 M
Copying in Block: 1.2490-1.4087 M
Copying in Block: 1.7432-1.9033 M
Copying in Block: 1.7432-1.9033 M

Doing Individual iid46A and iid46B
Found 107 Individuals in ['TSI']
Setting new Genotypes...
Finished chunked Genotypes
Setting new Genotypes...
Finished chunked Genotypes
Copying in Block: 0.1059-0.2659 M
Copying in Block: 0.1059-0.2659 M
Copying in Block: 0.5587-0.7188 M
Copying in Block: 0.5587-0.7188 M
Copying in Block: 1.3375-1.4970 M
Copying in Block: 1.3375-1.4970 M
Copying in Block: 1.6993-1.8592 M
Copying in Block: 1.6993-1.8592 M

Doing Individual iid47A and iid47B
Found 107 Individuals in ['TSI']
Setting new Genotypes...
Finished chunked Genotypes
Setting new Genotypes...
Finished chunked Genotypes
Copying in Block: 0.0538-0.2142 M
Copying in Block: 0.0538-0.2142 M
Copying in Block: 0.6507-0.8107 M
Copying in Block: 0.6507-0.8107 M
Copying in Block: 1.2974-1.4570 M
Copying in Block: 1.2974-1.4570 M
Copying in Block: 1.7484-1.9084 M
Copying in Block: 1.7484-1.9084 M

Doing Individual iid48A and iid48B
Found 107 Individuals in ['TSI']
Setting new Genotypes...
Finished chunked Genotypes
Setting new Genotypes...
Finished chunked Genotypes
Copying in Block: 0.0168-0.1770 M
Copying in Block: 0.0168-0.1770 M
Copying in Block: 0.6952-0.8552 M
Copying in Block: 0.6952-0.8552 M
Copying in Block: 1.1683-1.3283 M
Copying in Block: 1.1683-1.3283 M
Copying in Block: 1.9034-2.0634 M
Copying in Block: 1.9034-2.0634 M

Doing Individual iid49A and iid49B
Found 107 Individuals in ['TSI']
Setting new Genotypes...
Finished chunked Genotypes
Setting new Genotypes...
Finished chunked Genotypes
Copying in Block: 0.0513-0.2113 M
Copying in Block: 0.0513-0.2113 M
Copying in Block: 0.6014-0.7613 M
Copying in Block: 0.6014-0.7613 M
Copying in Block: 1.2950-1.4550 M
Copying in Block: 1.2950-1.4550 M
Copying in Block: 1.8129-1.9730 M
Copying in Block: 1.8129-1.9730 M

Doing Individual iid50A and iid50B
Found 107 Individuals in ['TSI']
Setting new Genotypes...
Finished chunked Genotypes
Setting new Genotypes...
Finished chunked Genotypes
Copying in Block: 0.0704-0.2305 M
Copying in Block: 0.0704-0.2305 M
Copying in Block: 0.7095-0.8691 M
Copying in Block: 0.7095-0.8691 M
Copying in Block: 1.2210-1.3813 M
Copying in Block: 1.2210-1.3813 M
Copying in Block: 1.8119-1.9714 M
Copying in Block: 1.8119-1.9714 M

Doing Individual iid51A and iid51B
Found 107 Individuals in ['TSI']
Setting new Genotypes...
Finished chunked Genotypes
Setting new Genotypes...
Finished chunked Genotypes
Copying in Block: 0.2123-0.3721 M
Copying in Block: 0.2123-0.3721 M
Copying in Block: 0.6599-0.8195 M
Copying in Block: 0.6599-0.8195 M
Copying in Block: 1.1701-1.3296 M
Copying in Block: 1.1701-1.3296 M
Copying in Block: 1.8836-2.0436 M
Copying in Block: 1.8836-2.0436 M

Doing Individual iid52A and iid52B
Found 107 Individuals in ['TSI']
Setting new Genotypes...
Finished chunked Genotypes
Setting new Genotypes...
Finished chunked Genotypes
Copying in Block: 0.0095-0.1693 M
Copying in Block: 0.0095-0.1693 M
Copying in Block: 0.6042-0.7643 M
Copying in Block: 0.6042-0.7643 M
Copying in Block: 1.3126-1.4728 M
Copying in Block: 1.3126-1.4728 M
Copying in Block: 1.7284-1.8884 M
Copying in Block: 1.7284-1.8884 M

Doing Individual iid53A and iid53B
Found 107 Individuals in ['TSI']
Setting new Genotypes...
Finished chunked Genotypes
Setting new Genotypes...
Finished chunked Genotypes
Copying in Block: 0.0265-0.1854 M
Copying in Block: 0.0265-0.1854 M
Copying in Block: 0.7084-0.8688 M
Copying in Block: 0.7084-0.8688 M
Copying in Block: 1.2615-1.4219 M
Copying in Block: 1.2615-1.4219 M
Copying in Block: 1.7763-1.9365 M
Copying in Block: 1.7763-1.9365 M

Doing Individual iid54A and iid54B
Found 107 Individuals in ['TSI']
Setting new Genotypes...
Finished chunked Genotypes
Setting new Genotypes...
Finished chunked Genotypes
Copying in Block: 0.1706-0.3305 M
Copying in Block: 0.1706-0.3305 M
Copying in Block: 0.7516-0.9119 M
Copying in Block: 0.7516-0.9119 M
Copying in Block: 1.3431-1.5032 M
Copying in Block: 1.3431-1.5032 M
Copying in Block: 1.8673-2.0266 M
Copying in Block: 1.8673-2.0266 M

Doing Individual iid55A and iid55B
Found 107 Individuals in ['TSI']
Setting new Genotypes...
Finished chunked Genotypes
Setting new Genotypes...
Finished chunked Genotypes
Copying in Block: 0.0594-0.2195 M
Copying in Block: 0.0594-0.2195 M
Copying in Block: 0.6285-0.7891 M
Copying in Block: 0.6285-0.7891 M
Copying in Block: 1.3348-1.4948 M
Copying in Block: 1.3348-1.4948 M
Copying in Block: 1.6847-1.8454 M
Copying in Block: 1.6847-1.8454 M

Doing Individual iid56A and iid56B
Found 107 Individuals in ['TSI']
Setting new Genotypes...
Finished chunked Genotypes
Setting new Genotypes...
Finished chunked Genotypes
Copying in Block: 0.1183-0.2783 M
Copying in Block: 0.1183-0.2783 M
Copying in Block: 0.7303-0.8906 M
Copying in Block: 0.7303-0.8906 M
Copying in Block: 1.1527-1.3126 M
Copying in Block: 1.1527-1.3126 M
Copying in Block: 1.8816-2.0415 M
Copying in Block: 1.8816-2.0415 M

Doing Individual iid57A and iid57B
Found 107 Individuals in ['TSI']
Setting new Genotypes...
Finished chunked Genotypes
Setting new Genotypes...
Finished chunked Genotypes
Copying in Block: 0.1281-0.2883 M
Copying in Block: 0.1281-0.2883 M
Copying in Block: 0.6465-0.8065 M
Copying in Block: 0.6465-0.8065 M
Copying in Block: 1.2974-1.4573 M
Copying in Block: 1.2974-1.4573 M
Copying in Block: 1.6935-1.8533 M
Copying in Block: 1.6935-1.8533 M

Doing Individual iid58A and iid58B
Found 107 Individuals in ['TSI']
Setting new Genotypes...
Finished chunked Genotypes
Setting new Genotypes...
Finished chunked Genotypes
Copying in Block: 0.1801-0.3393 M
Copying in Block: 0.1801-0.3393 M
Copying in Block: 0.6631-0.8232 M
Copying in Block: 0.6631-0.8232 M
Copying in Block: 1.2340-1.3943 M
Copying in Block: 1.2340-1.3943 M
Copying in Block: 1.7537-1.9134 M
Copying in Block: 1.7537-1.9134 M

Doing Individual iid59A and iid59B
Found 107 Individuals in ['TSI']
Setting new Genotypes...
Finished chunked Genotypes
Setting new Genotypes...
Finished chunked Genotypes
Copying in Block: 0.1336-0.2936 M
Copying in Block: 0.1336-0.2936 M
Copying in Block: 0.7008-0.8607 M
Copying in Block: 0.7008-0.8607 M
Copying in Block: 1.3375-1.4965 M
Copying in Block: 1.3375-1.4965 M
Copying in Block: 1.8511-2.0119 M
Copying in Block: 1.8511-2.0119 M

Doing Individual iid60A and iid60B
Found 107 Individuals in ['TSI']
Setting new Genotypes...
Finished chunked Genotypes
Setting new Genotypes...
Finished chunked Genotypes
Copying in Block: 0.1778-0.3380 M
Copying in Block: 0.1778-0.3380 M
Copying in Block: 0.7440-0.9040 M
Copying in Block: 0.7440-0.9040 M
Copying in Block: 1.2257-1.3860 M
Copying in Block: 1.2257-1.3860 M
Copying in Block: 1.8119-1.9717 M
Copying in Block: 1.8119-1.9717 M

Doing Individual iid61A and iid61B
Found 107 Individuals in ['TSI']
Setting new Genotypes...
Finished chunked Genotypes
Setting new Genotypes...
Finished chunked Genotypes
Copying in Block: 0.1444-0.3042 M
Copying in Block: 0.1444-0.3042 M
Copying in Block: 0.5635-0.7232 M
Copying in Block: 0.5635-0.7232 M
Copying in Block: 1.1733-1.3329 M
Copying in Block: 1.1733-1.3329 M
Copying in Block: 1.9102-2.0700 M
Copying in Block: 1.9102-2.0700 M

Doing Individual iid62A and iid62B
Found 107 Individuals in ['TSI']
Setting new Genotypes...
Finished chunked Genotypes
Setting new Genotypes...
Finished chunked Genotypes
Copying in Block: 0.0605-0.2215 M
Copying in Block: 0.0605-0.2215 M
Copying in Block: 0.6772-0.8371 M
Copying in Block: 0.6772-0.8371 M
Copying in Block: 1.1787-1.3390 M
Copying in Block: 1.1787-1.3390 M
Copying in Block: 1.7917-1.9518 M
Copying in Block: 1.7917-1.9518 M

Doing Individual iid63A and iid63B
Found 107 Individuals in ['TSI']
Setting new Genotypes...
Finished chunked Genotypes
Setting new Genotypes...
Finished chunked Genotypes
Copying in Block: 0.0010-0.1610 M
Copying in Block: 0.0010-0.1610 M
Copying in Block: 0.7923-0.9524 M
Copying in Block: 0.7923-0.9524 M
Copying in Block: 1.2147-1.3754 M
Copying in Block: 1.2147-1.3754 M
Copying in Block: 1.8381-1.9981 M
Copying in Block: 1.8381-1.9981 M

Doing Individual iid64A and iid64B
Found 107 Individuals in ['TSI']
Setting new Genotypes...
Finished chunked Genotypes
Setting new Genotypes...
Finished chunked Genotypes
Copying in Block: 0.1929-0.3526 M
Copying in Block: 0.1929-0.3526 M
Copying in Block: 0.7082-0.8688 M
Copying in Block: 0.7082-0.8688 M
Copying in Block: 1.3082-1.4680 M
Copying in Block: 1.3082-1.4680 M
Copying in Block: 1.7284-1.8886 M
Copying in Block: 1.7284-1.8886 M

Doing Individual iid65A and iid65B
Found 107 Individuals in ['TSI']
Setting new Genotypes...
Finished chunked Genotypes
Setting new Genotypes...
Finished chunked Genotypes
Copying in Block: 0.2315-0.3920 M
Copying in Block: 0.2315-0.3920 M
Copying in Block: 0.5627-0.7229 M
Copying in Block: 0.5627-0.7229 M
Copying in Block: 1.1984-1.3583 M
Copying in Block: 1.1984-1.3583 M
Copying in Block: 1.8256-1.9856 M
Copying in Block: 1.8256-1.9856 M

Doing Individual iid66A and iid66B
Found 107 Individuals in ['TSI']
Setting new Genotypes...
Finished chunked Genotypes
Setting new Genotypes...
Finished chunked Genotypes
Copying in Block: 0.0717-0.2318 M
Copying in Block: 0.0717-0.2318 M
Copying in Block: 0.7682-0.9282 M
Copying in Block: 0.7682-0.9282 M
Copying in Block: 1.3431-1.5032 M
Copying in Block: 1.3431-1.5032 M
Copying in Block: 1.8983-2.0586 M
Copying in Block: 1.8983-2.0586 M

Doing Individual iid67A and iid67B
Found 107 Individuals in ['TSI']
Setting new Genotypes...
Finished chunked Genotypes
Setting new Genotypes...
Finished chunked Genotypes
Copying in Block: 0.0834-0.2434 M
Copying in Block: 0.0834-0.2434 M
Copying in Block: 0.7167-0.8767 M
Copying in Block: 0.7167-0.8767 M
Copying in Block: 1.1268-1.2863 M
Copying in Block: 1.1268-1.2863 M
Copying in Block: 1.8187-1.9787 M
Copying in Block: 1.8187-1.9787 M

Doing Individual iid68A and iid68B
Found 107 Individuals in ['TSI']
Setting new Genotypes...
Finished chunked Genotypes
Setting new Genotypes...
Finished chunked Genotypes
Copying in Block: 0.2154-0.3756 M
Copying in Block: 0.2154-0.3756 M
Copying in Block: 0.7679-0.9276 M
Copying in Block: 0.7679-0.9276 M
Copying in Block: 1.3298-1.4898 M
Copying in Block: 1.3298-1.4898 M
Copying in Block: 1.7781-1.9372 M
Copying in Block: 1.7781-1.9372 M

Doing Individual iid69A and iid69B
Found 107 Individuals in ['TSI']
Setting new Genotypes...
Finished chunked Genotypes
Setting new Genotypes...
Finished chunked Genotypes
Copying in Block: 0.0577-0.2183 M
Copying in Block: 0.0577-0.2183 M
Copying in Block: 0.7536-0.9136 M
Copying in Block: 0.7536-0.9136 M
Copying in Block: 1.3147-1.4748 M
Copying in Block: 1.3147-1.4748 M
Copying in Block: 1.7836-1.9434 M
Copying in Block: 1.7836-1.9434 M

Doing Individual iid70A and iid70B
Found 107 Individuals in ['TSI']
Setting new Genotypes...
Finished chunked Genotypes
Setting new Genotypes...
Finished chunked Genotypes
Copying in Block: 0.0913-0.2502 M
Copying in Block: 0.0913-0.2502 M
Copying in Block: 0.6281-0.7881 M
Copying in Block: 0.6281-0.7881 M
Copying in Block: 1.1607-1.3201 M
Copying in Block: 1.1607-1.3201 M
Copying in Block: 1.8673-2.0266 M
Copying in Block: 1.8673-2.0266 M

Doing Individual iid71A and iid71B
Found 107 Individuals in ['TSI']
Setting new Genotypes...
Finished chunked Genotypes
Setting new Genotypes...
Finished chunked Genotypes
Copying in Block: 0.1783-0.3383 M
Copying in Block: 0.1783-0.3383 M
Copying in Block: 0.6454-0.8056 M
Copying in Block: 0.6454-0.8056 M
Copying in Block: 1.3390-1.4983 M
Copying in Block: 1.3390-1.4983 M
Copying in Block: 1.7698-1.9298 M
Copying in Block: 1.7698-1.9298 M

Doing Individual iid72A and iid72B
Found 107 Individuals in ['TSI']
Setting new Genotypes...
Finished chunked Genotypes
Setting new Genotypes...
Finished chunked Genotypes
Copying in Block: 0.1421-0.3019 M
Copying in Block: 0.1421-0.3019 M
Copying in Block: 0.7936-0.9528 M
Copying in Block: 0.7936-0.9528 M
Copying in Block: 1.1894-1.3494 M
Copying in Block: 1.1894-1.3494 M
Copying in Block: 1.9081-2.0679 M
Copying in Block: 1.9081-2.0679 M

Doing Individual iid73A and iid73B
Found 107 Individuals in ['TSI']
Setting new Genotypes...
Finished chunked Genotypes
Setting new Genotypes...
Finished chunked Genotypes
Copying in Block: 0.0620-0.2223 M
Copying in Block: 0.0620-0.2223 M
Copying in Block: 0.7282-0.8882 M
Copying in Block: 0.7282-0.8882 M
Copying in Block: 1.1560-1.3160 M
Copying in Block: 1.1560-1.3160 M
Copying in Block: 1.7298-1.8897 M
Copying in Block: 1.7298-1.8897 M

Doing Individual iid74A and iid74B
Found 107 Individuals in ['TSI']
Setting new Genotypes...
Finished chunked Genotypes
Setting new Genotypes...
Finished chunked Genotypes
Copying in Block: 0.1065-0.2668 M
Copying in Block: 0.1065-0.2668 M
Copying in Block: 0.6815-0.8415 M
Copying in Block: 0.6815-0.8415 M
Copying in Block: 1.3154-1.4755 M
Copying in Block: 1.3154-1.4755 M
Copying in Block: 1.8438-2.0039 M
Copying in Block: 1.8438-2.0039 M

Doing Individual iid75A and iid75B
Found 107 Individuals in ['TSI']
Setting new Genotypes...
Finished chunked Genotypes
Setting new Genotypes...
Finished chunked Genotypes
Copying in Block: 0.0168-0.1770 M
Copying in Block: 0.0168-0.1770 M
Copying in Block: 0.7891-0.9490 M
Copying in Block: 0.7891-0.9490 M
Copying in Block: 1.3173-1.4774 M
Copying in Block: 1.3173-1.4774 M
Copying in Block: 1.8332-1.9932 M
Copying in Block: 1.8332-1.9932 M

Doing Individual iid76A and iid76B
Found 107 Individuals in ['TSI']
Setting new Genotypes...
Finished chunked Genotypes
Setting new Genotypes...
Finished chunked Genotypes
Copying in Block: 0.1218-0.2816 M
Copying in Block: 0.1218-0.2816 M
Copying in Block: 0.6436-0.8036 M
Copying in Block: 0.6436-0.8036 M
Copying in Block: 1.2476-1.4069 M
Copying in Block: 1.2476-1.4069 M
Copying in Block: 1.8716-2.0316 M
Copying in Block: 1.8716-2.0316 M

Doing Individual iid77A and iid77B
Found 107 Individuals in ['TSI']
Setting new Genotypes...
Finished chunked Genotypes
Setting new Genotypes...
Finished chunked Genotypes
Copying in Block: 0.2029-0.3630 M
Copying in Block: 0.2029-0.3630 M
Copying in Block: 0.6242-0.7835 M
Copying in Block: 0.6242-0.7835 M
Copying in Block: 1.1454-1.3054 M
Copying in Block: 1.1454-1.3054 M
Copying in Block: 1.8851-2.0447 M
Copying in Block: 1.8851-2.0447 M

Doing Individual iid78A and iid78B
Found 107 Individuals in ['TSI']
Setting new Genotypes...
Finished chunked Genotypes
Setting new Genotypes...
Finished chunked Genotypes
Copying in Block: 0.0871-0.2471 M
Copying in Block: 0.0871-0.2471 M
Copying in Block: 0.6047-0.7647 M
Copying in Block: 0.6047-0.7647 M
Copying in Block: 1.1369-1.2966 M
Copying in Block: 1.1369-1.2966 M
Copying in Block: 1.8970-2.0570 M
Copying in Block: 1.8970-2.0570 M

Doing Individual iid79A and iid79B
Found 107 Individuals in ['TSI']
Setting new Genotypes...
Finished chunked Genotypes
Setting new Genotypes...
Finished chunked Genotypes
Copying in Block: 0.1706-0.3305 M
Copying in Block: 0.1706-0.3305 M
Copying in Block: 0.7649-0.9252 M
Copying in Block: 0.7649-0.9252 M
Copying in Block: 1.2993-1.4590 M
Copying in Block: 1.2993-1.4590 M
Copying in Block: 1.7438-1.9038 M
Copying in Block: 1.7438-1.9038 M

Doing Individual iid80A and iid80B
Found 107 Individuals in ['TSI']
Setting new Genotypes...
Finished chunked Genotypes
Setting new Genotypes...
Finished chunked Genotypes
Copying in Block: 0.0472-0.2067 M
Copying in Block: 0.0472-0.2067 M
Copying in Block: 0.6302-0.7901 M
Copying in Block: 0.6302-0.7901 M
Copying in Block: 1.1282-1.2880 M
Copying in Block: 1.1282-1.2880 M
Copying in Block: 1.8936-2.0538 M
Copying in Block: 1.8936-2.0538 M

Doing Individual iid81A and iid81B
Found 107 Individuals in ['TSI']
Setting new Genotypes...
Finished chunked Genotypes
Setting new Genotypes...
Finished chunked Genotypes
Copying in Block: 0.0366-0.1968 M
Copying in Block: 0.0366-0.1968 M
Copying in Block: 0.5930-0.7528 M
Copying in Block: 0.5930-0.7528 M
Copying in Block: 1.3526-1.5125 M
Copying in Block: 1.3526-1.5125 M
Copying in Block: 1.7886-1.9488 M
Copying in Block: 1.7886-1.9488 M

Doing Individual iid82A and iid82B
Found 107 Individuals in ['TSI']
Setting new Genotypes...
Finished chunked Genotypes
Setting new Genotypes...
Finished chunked Genotypes
Copying in Block: 0.0523-0.2123 M
Copying in Block: 0.0523-0.2123 M
Copying in Block: 0.7427-0.9032 M
Copying in Block: 0.7427-0.9032 M
Copying in Block: 1.1512-1.3112 M
Copying in Block: 1.1512-1.3112 M
Copying in Block: 1.7554-1.9155 M
Copying in Block: 1.7554-1.9155 M

Doing Individual iid83A and iid83B
Found 107 Individuals in ['TSI']
Setting new Genotypes...
Finished chunked Genotypes
Setting new Genotypes...
Finished chunked Genotypes
Copying in Block: 0.2245-0.3844 M
Copying in Block: 0.2245-0.3844 M
Copying in Block: 0.6488-0.8088 M
Copying in Block: 0.6488-0.8088 M
Copying in Block: 1.2809-1.4407 M
Copying in Block: 1.2809-1.4407 M
Copying in Block: 1.8310-1.9909 M
Copying in Block: 1.8310-1.9909 M

Doing Individual iid84A and iid84B
Found 107 Individuals in ['TSI']
Setting new Genotypes...
Finished chunked Genotypes
Setting new Genotypes...
Finished chunked Genotypes
Copying in Block: 0.0439-0.2039 M
Copying in Block: 0.0439-0.2039 M
Copying in Block: 0.6003-0.7611 M
Copying in Block: 0.6003-0.7611 M
Copying in Block: 1.1733-1.3340 M
Copying in Block: 1.1733-1.3340 M
Copying in Block: 1.6917-1.8520 M
Copying in Block: 1.6917-1.8520 M

Doing Individual iid85A and iid85B
Found 107 Individuals in ['TSI']
Setting new Genotypes...
Finished chunked Genotypes
Setting new Genotypes...
Finished chunked Genotypes
Copying in Block: 0.0283-0.1886 M
Copying in Block: 0.0283-0.1886 M
Copying in Block: 0.6936-0.8536 M
Copying in Block: 0.6936-0.8536 M
Copying in Block: 1.1854-1.3453 M
Copying in Block: 1.1854-1.3453 M
Copying in Block: 1.7604-1.9204 M
Copying in Block: 1.7604-1.9204 M

Doing Individual iid86A and iid86B
Found 107 Individuals in ['TSI']
Setting new Genotypes...
Finished chunked Genotypes
Setting new Genotypes...
Finished chunked Genotypes
Copying in Block: 0.0895-0.2495 M
Copying in Block: 0.0895-0.2495 M
Copying in Block: 0.5667-0.7269 M
Copying in Block: 0.5667-0.7269 M
Copying in Block: 1.1287-1.2886 M
Copying in Block: 1.1287-1.2886 M
Copying in Block: 1.8905-2.0504 M
Copying in Block: 1.8905-2.0504 M

Doing Individual iid87A and iid87B
Found 107 Individuals in ['TSI']
Setting new Genotypes...
Finished chunked Genotypes
Setting new Genotypes...
Finished chunked Genotypes
Copying in Block: 0.1080-0.2680 M
Copying in Block: 0.1080-0.2680 M
Copying in Block: 0.7432-0.9032 M
Copying in Block: 0.7432-0.9032 M
Copying in Block: 1.3443-1.5043 M
Copying in Block: 1.3443-1.5043 M
Copying in Block: 1.9077-2.0679 M
Copying in Block: 1.9077-2.0679 M

Doing Individual iid88A and iid88B
Found 107 Individuals in ['TSI']
Setting new Genotypes...
Finished chunked Genotypes
Setting new Genotypes...
Finished chunked Genotypes
Copying in Block: 0.0598-0.2198 M
Copying in Block: 0.0598-0.2198 M
Copying in Block: 0.6999-0.8591 M
Copying in Block: 0.6999-0.8591 M
Copying in Block: 1.2945-1.4539 M
Copying in Block: 1.2945-1.4539 M
Copying in Block: 1.7974-1.9584 M
Copying in Block: 1.7974-1.9584 M

Doing Individual iid89A and iid89B
Found 107 Individuals in ['TSI']
Setting new Genotypes...
Finished chunked Genotypes
Setting new Genotypes...
Finished chunked Genotypes
Copying in Block: 0.0751-0.2353 M
Copying in Block: 0.0751-0.2353 M
Copying in Block: 0.5986-0.7586 M
Copying in Block: 0.5986-0.7586 M
Copying in Block: 1.3375-1.4969 M
Copying in Block: 1.3375-1.4969 M
Copying in Block: 1.7268-1.8867 M
Copying in Block: 1.7268-1.8867 M

Doing Individual iid90A and iid90B
Found 107 Individuals in ['TSI']
Setting new Genotypes...
Finished chunked Genotypes
Setting new Genotypes...
Finished chunked Genotypes
Copying in Block: 0.0822-0.2424 M
Copying in Block: 0.0822-0.2424 M
Copying in Block: 0.6844-0.8444 M
Copying in Block: 0.6844-0.8444 M
Copying in Block: 1.3313-1.4913 M
Copying in Block: 1.3313-1.4913 M
Copying in Block: 1.7328-1.8923 M
Copying in Block: 1.7328-1.8923 M

Doing Individual iid91A and iid91B
Found 107 Individuals in ['TSI']
Setting new Genotypes...
Finished chunked Genotypes
Setting new Genotypes...
Finished chunked Genotypes
Copying in Block: 0.0247-0.1854 M
Copying in Block: 0.0247-0.1854 M
Copying in Block: 0.6454-0.8046 M
Copying in Block: 0.6454-0.8046 M
Copying in Block: 1.1317-1.2915 M
Copying in Block: 1.1317-1.2915 M
Copying in Block: 1.7789-1.9389 M
Copying in Block: 1.7789-1.9389 M

Doing Individual iid92A and iid92B
Found 107 Individuals in ['TSI']
Setting new Genotypes...
Finished chunked Genotypes
Setting new Genotypes...
Finished chunked Genotypes
Copying in Block: 0.0913-0.2502 M
Copying in Block: 0.0913-0.2502 M
Copying in Block: 0.5948-0.7551 M
Copying in Block: 0.5948-0.7551 M
Copying in Block: 1.2431-1.4033 M
Copying in Block: 1.2431-1.4033 M
Copying in Block: 1.8592-2.0190 M
Copying in Block: 1.8592-2.0190 M

Doing Individual iid93A and iid93B
Found 107 Individuals in ['TSI']
Setting new Genotypes...
Finished chunked Genotypes
Setting new Genotypes...
Finished chunked Genotypes
Copying in Block: 0.0936-0.2536 M
Copying in Block: 0.0936-0.2536 M
Copying in Block: 0.7098-0.8699 M
Copying in Block: 0.7098-0.8699 M
Copying in Block: 1.2246-1.3846 M
Copying in Block: 1.2246-1.3846 M
Copying in Block: 1.8630-2.0232 M
Copying in Block: 1.8630-2.0232 M

Doing Individual iid94A and iid94B
Found 107 Individuals in ['TSI']
Setting new Genotypes...
Finished chunked Genotypes
Setting new Genotypes...
Finished chunked Genotypes
Copying in Block: 0.1860-0.3461 M
Copying in Block: 0.1860-0.3461 M
Copying in Block: 0.6150-0.7743 M
Copying in Block: 0.6150-0.7743 M
Copying in Block: 1.3340-1.4936 M
Copying in Block: 1.3340-1.4936 M
Copying in Block: 1.8789-2.0390 M
Copying in Block: 1.8789-2.0390 M

Doing Individual iid95A and iid95B
Found 107 Individuals in ['TSI']
Setting new Genotypes...
Finished chunked Genotypes
Setting new Genotypes...
Finished chunked Genotypes
Copying in Block: 0.2091-0.3687 M
Copying in Block: 0.2091-0.3687 M
Copying in Block: 0.5757-0.7358 M
Copying in Block: 0.5757-0.7358 M
Copying in Block: 1.2325-1.3923 M
Copying in Block: 1.2325-1.3923 M
Copying in Block: 1.6797-1.8401 M
Copying in Block: 1.6797-1.8401 M

Doing Individual iid96A and iid96B
Found 107 Individuals in ['TSI']
Setting new Genotypes...
Finished chunked Genotypes
Setting new Genotypes...
Finished chunked Genotypes
Copying in Block: 0.0401-0.2001 M
Copying in Block: 0.0401-0.2001 M
Copying in Block: 0.7912-0.9514 M
Copying in Block: 0.7912-0.9514 M
Copying in Block: 1.1490-1.3102 M
Copying in Block: 1.1490-1.3102 M
Copying in Block: 1.8185-1.9776 M
Copying in Block: 1.8185-1.9776 M

Doing Individual iid97A and iid97B
Found 107 Individuals in ['TSI']
Setting new Genotypes...
Finished chunked Genotypes
Setting new Genotypes...
Finished chunked Genotypes
Copying in Block: 0.0286-0.1886 M
Copying in Block: 0.0286-0.1886 M
Copying in Block: 0.6999-0.8591 M
Copying in Block: 0.6999-0.8591 M
Copying in Block: 1.3241-1.4840 M
Copying in Block: 1.3241-1.4840 M
Copying in Block: 1.7584-1.9184 M
Copying in Block: 1.7584-1.9184 M

Doing Individual iid98A and iid98B
Found 107 Individuals in ['TSI']
Setting new Genotypes...
Finished chunked Genotypes
Setting new Genotypes...
Finished chunked Genotypes
Copying in Block: 0.1854-0.3444 M
Copying in Block: 0.1854-0.3444 M
Copying in Block: 0.6131-0.7740 M
Copying in Block: 0.6131-0.7740 M
Copying in Block: 1.1398-1.2998 M
Copying in Block: 1.1398-1.2998 M
Copying in Block: 1.7160-1.8764 M
Copying in Block: 1.7160-1.8764 M

Doing Individual iid99A and iid99B
Found 107 Individuals in ['TSI']
Setting new Genotypes...
Finished chunked Genotypes
Setting new Genotypes...
Finished chunked Genotypes
Copying in Block: 0.1543-0.3141 M
Copying in Block: 0.1543-0.3141 M
Copying in Block: 0.6204-0.7806 M
Copying in Block: 0.6204-0.7806 M
Copying in Block: 1.3219-1.4818 M
Copying in Block: 1.3219-1.4818 M
Copying in Block: 1.7509-1.9113 M
Copying in Block: 1.7509-1.9113 M
Finished creating genotypes. Dimension: (77652, 200, 2)
Successfully saved to /n/groups/reich/hringbauer/git/hapBLOCK/output/simulated/TSI/ch3_16cm/ibd_info.csv
Successfully saved 200 individuals to: /n/groups/reich/hringbauer/git/hapBLOCK/output/simulated/TSI/ch3_16cm/sim_ch3.h5
