/n/groups/reich/hringbauer/git/hapBLOCK/output/simulated/TSI/ch3_20cm/

Started Mosaic Object. Working Directory:
/n/groups/reich/hringbauer/git/hapBLOCK/notebook/simulate/multirun

Loaded 77652 variants
Loaded 2504 individuals
HDF5 loaded from /n/groups/reich/hringbauer/git/hapBLOCK/data/hdf5/1240k_1000G/chr3.hdf5
(77652, 2504, 2)
Loaded 2504 individual meta file.

Doing Individual iid0A and iid0B
Found 107 Individuals in ['TSI']
Setting new Genotypes...
Finished chunked Genotypes
Setting new Genotypes...
Finished chunked Genotypes
Copying in Block: 0.0987-0.2994 M
Copying in Block: 0.0987-0.2994 M
Copying in Block: 0.6178-0.8179 M
Copying in Block: 0.6178-0.8179 M
Copying in Block: 1.1469-1.3464 M
Copying in Block: 1.1469-1.3464 M
Copying in Block: 1.8128-2.0122 M
Copying in Block: 1.8128-2.0122 M

Doing Individual iid1A and iid1B
Found 107 Individuals in ['TSI']
Setting new Genotypes...
Finished chunked Genotypes
Setting new Genotypes...
Finished chunked Genotypes
Copying in Block: 0.1255-0.3256 M
Copying in Block: 0.1255-0.3256 M
Copying in Block: 0.6287-0.8287 M
Copying in Block: 0.6287-0.8287 M
Copying in Block: 1.1282-1.3282 M
Copying in Block: 1.1282-1.3282 M
Copying in Block: 1.7737-1.9745 M
Copying in Block: 1.7737-1.9745 M

Doing Individual iid2A and iid2B
Found 107 Individuals in ['TSI']
Setting new Genotypes...
Finished chunked Genotypes
Setting new Genotypes...
Finished chunked Genotypes
Copying in Block: 0.0879-0.2879 M
Copying in Block: 0.0879-0.2879 M
Copying in Block: 0.6758-0.8764 M
Copying in Block: 0.6758-0.8764 M
Copying in Block: 1.2565-1.4566 M
Copying in Block: 1.2565-1.4566 M
Copying in Block: 1.7417-1.9417 M
Copying in Block: 1.7417-1.9417 M

Doing Individual iid3A and iid3B
Found 107 Individuals in ['TSI']
Setting new Genotypes...
Finished chunked Genotypes
Setting new Genotypes...
Finished chunked Genotypes
Copying in Block: 0.1537-0.3532 M
Copying in Block: 0.1537-0.3532 M
Copying in Block: 0.5873-0.7872 M
Copying in Block: 0.5873-0.7872 M
Copying in Block: 1.1427-1.3427 M
Copying in Block: 1.1427-1.3427 M
Copying in Block: 1.7345-1.9344 M
Copying in Block: 1.7345-1.9344 M

Doing Individual iid4A and iid4B
Found 107 Individuals in ['TSI']
Setting new Genotypes...
Finished chunked Genotypes
Setting new Genotypes...
Finished chunked Genotypes
Copying in Block: 0.1559-0.3560 M
Copying in Block: 0.1559-0.3560 M
Copying in Block: 0.6464-0.8465 M
Copying in Block: 0.6464-0.8465 M
Copying in Block: 1.1701-1.3696 M
Copying in Block: 1.1701-1.3696 M
Copying in Block: 1.8082-2.0084 M
Copying in Block: 1.8082-2.0084 M

Doing Individual iid5A and iid5B
Found 107 Individuals in ['TSI']
Setting new Genotypes...
Finished chunked Genotypes
Setting new Genotypes...
Finished chunked Genotypes
Copying in Block: 0.0081-0.2078 M
Copying in Block: 0.0081-0.2078 M
Copying in Block: 0.6952-0.8954 M
Copying in Block: 0.6952-0.8954 M
Copying in Block: 1.2707-1.4707 M
Copying in Block: 1.2707-1.4707 M
Copying in Block: 1.8065-2.0052 M
Copying in Block: 1.8065-2.0052 M

Doing Individual iid6A and iid6B
Found 107 Individuals in ['TSI']
Setting new Genotypes...
Finished chunked Genotypes
Setting new Genotypes...
Finished chunked Genotypes
Copying in Block: 0.0987-0.2984 M
Copying in Block: 0.0987-0.2984 M
Copying in Block: 0.6003-0.7999 M
Copying in Block: 0.6003-0.7999 M
Copying in Block: 1.2378-1.4379 M
Copying in Block: 1.2378-1.4379 M
Copying in Block: 1.7657-1.9656 M
Copying in Block: 1.7657-1.9656 M

Doing Individual iid7A and iid7B
Found 107 Individuals in ['TSI']
Setting new Genotypes...
Finished chunked Genotypes
Setting new Genotypes...
Finished chunked Genotypes
Copying in Block: 0.1331-0.3329 M
Copying in Block: 0.1331-0.3329 M
Copying in Block: 0.7148-0.9151 M
Copying in Block: 0.7148-0.9151 M
Copying in Block: 1.2662-1.4660 M
Copying in Block: 1.2662-1.4660 M
Copying in Block: 1.7661-1.9661 M
Copying in Block: 1.7661-1.9661 M

Doing Individual iid8A and iid8B
Found 107 Individuals in ['TSI']
Setting new Genotypes...
Finished chunked Genotypes
Setting new Genotypes...
Finished chunked Genotypes
Copying in Block: 0.1173-0.3173 M
Copying in Block: 0.1173-0.3173 M
Copying in Block: 0.5864-0.7867 M
Copying in Block: 0.5864-0.7867 M
Copying in Block: 1.2124-1.4124 M
Copying in Block: 1.2124-1.4124 M
Copying in Block: 1.6794-1.8789 M
Copying in Block: 1.6794-1.8789 M

Doing Individual iid9A and iid9B
Found 107 Individuals in ['TSI']
Setting new Genotypes...
Finished chunked Genotypes
Setting new Genotypes...
Finished chunked Genotypes
Copying in Block: 0.0453-0.2457 M
Copying in Block: 0.0453-0.2457 M
Copying in Block: 0.5900-0.7898 M
Copying in Block: 0.5900-0.7898 M
Copying in Block: 1.2612-1.4611 M
Copying in Block: 1.2612-1.4611 M
Copying in Block: 1.7037-1.9038 M
Copying in Block: 1.7037-1.9038 M

Doing Individual iid10A and iid10B
Found 107 Individuals in ['TSI']
Setting new Genotypes...
Finished chunked Genotypes
Setting new Genotypes...
Finished chunked Genotypes
Copying in Block: 0.0101-0.2101 M
Copying in Block: 0.0101-0.2101 M
Copying in Block: 0.5627-0.7625 M
Copying in Block: 0.5627-0.7625 M
Copying in Block: 1.1536-1.3537 M
Copying in Block: 1.1536-1.3537 M
Copying in Block: 1.8172-2.0174 M
Copying in Block: 1.8172-2.0174 M

Doing Individual iid11A and iid11B
Found 107 Individuals in ['TSI']
Setting new Genotypes...
Finished chunked Genotypes
Setting new Genotypes...
Finished chunked Genotypes
Copying in Block: 0.0307-0.2310 M
Copying in Block: 0.0307-0.2310 M
Copying in Block: 0.6883-0.8885 M
Copying in Block: 0.6883-0.8885 M
Copying in Block: 1.1381-1.3375 M
Copying in Block: 1.1381-1.3375 M
Copying in Block: 1.7660-1.9658 M
Copying in Block: 1.7660-1.9658 M

Doing Individual iid12A and iid12B
Found 107 Individuals in ['TSI']
Setting new Genotypes...
Finished chunked Genotypes
Setting new Genotypes...
Finished chunked Genotypes
Copying in Block: 0.0317-0.2318 M
Copying in Block: 0.0317-0.2318 M
Copying in Block: 0.6342-0.8348 M
Copying in Block: 0.6342-0.8348 M
Copying in Block: 1.2752-1.4748 M
Copying in Block: 1.2752-1.4748 M
Copying in Block: 1.8121-2.0121 M
Copying in Block: 1.8121-2.0121 M

Doing Individual iid13A and iid13B
Found 107 Individuals in ['TSI']
Setting new Genotypes...
Finished chunked Genotypes
Setting new Genotypes...
Finished chunked Genotypes
Copying in Block: 0.0952-0.2961 M
Copying in Block: 0.0952-0.2961 M
Copying in Block: 0.5607-0.7611 M
Copying in Block: 0.5607-0.7611 M
Copying in Block: 1.2623-1.4623 M
Copying in Block: 1.2623-1.4623 M
Copying in Block: 1.6853-1.8853 M
Copying in Block: 1.6853-1.8853 M

Doing Individual iid14A and iid14B
Found 107 Individuals in ['TSI']
Setting new Genotypes...
Finished chunked Genotypes
Setting new Genotypes...
Finished chunked Genotypes
Copying in Block: 0.0620-0.2619 M
Copying in Block: 0.0620-0.2619 M
Copying in Block: 0.6292-0.8297 M
Copying in Block: 0.6292-0.8297 M
Copying in Block: 1.1939-1.3943 M
Copying in Block: 1.1939-1.3943 M
Copying in Block: 1.8245-2.0245 M
Copying in Block: 1.8245-2.0245 M

Doing Individual iid15A and iid15B
Found 107 Individuals in ['TSI']
Setting new Genotypes...
Finished chunked Genotypes
Setting new Genotypes...
Finished chunked Genotypes
Copying in Block: 0.0130-0.2130 M
Copying in Block: 0.0130-0.2130 M
Copying in Block: 0.6731-0.8730 M
Copying in Block: 0.6731-0.8730 M
Copying in Block: 1.1217-1.3219 M
Copying in Block: 1.1217-1.3219 M
Copying in Block: 1.7808-1.9809 M
Copying in Block: 1.7808-1.9809 M

Doing Individual iid16A and iid16B
Found 107 Individuals in ['TSI']
Setting new Genotypes...
Finished chunked Genotypes
Setting new Genotypes...
Finished chunked Genotypes
Copying in Block: 0.0728-0.2733 M
Copying in Block: 0.0728-0.2733 M
Copying in Block: 0.6195-0.8195 M
Copying in Block: 0.6195-0.8195 M
Copying in Block: 1.1764-1.3768 M
Copying in Block: 1.1764-1.3768 M
Copying in Block: 1.7126-1.9129 M
Copying in Block: 1.7126-1.9129 M

Doing Individual iid17A and iid17B
Found 107 Individuals in ['TSI']
Setting new Genotypes...
Finished chunked Genotypes
Setting new Genotypes...
Finished chunked Genotypes
Copying in Block: 0.0431-0.2430 M
Copying in Block: 0.0431-0.2430 M
Copying in Block: 0.6481-0.8481 M
Copying in Block: 0.6481-0.8481 M
Copying in Block: 1.2662-1.4660 M
Copying in Block: 1.2662-1.4660 M
Copying in Block: 1.7760-1.9761 M
Copying in Block: 1.7760-1.9761 M

Doing Individual iid18A and iid18B
Found 107 Individuals in ['TSI']
Setting new Genotypes...
Finished chunked Genotypes
Setting new Genotypes...
Finished chunked Genotypes
Copying in Block: 0.0637-0.2636 M
Copying in Block: 0.0637-0.2636 M
Copying in Block: 0.7137-0.9137 M
Copying in Block: 0.7137-0.9137 M
Copying in Block: 1.2056-1.4056 M
Copying in Block: 1.2056-1.4056 M
Copying in Block: 1.7962-1.9953 M
Copying in Block: 1.7962-1.9953 M

Doing Individual iid19A and iid19B
Found 107 Individuals in ['TSI']
Setting new Genotypes...
Finished chunked Genotypes
Setting new Genotypes...
Finished chunked Genotypes
Copying in Block: 0.0120-0.2115 M
Copying in Block: 0.0120-0.2115 M
Copying in Block: 0.6474-0.8474 M
Copying in Block: 0.6474-0.8474 M
Copying in Block: 1.2013-1.4013 M
Copying in Block: 1.2013-1.4013 M
Copying in Block: 1.7818-1.9818 M
Copying in Block: 1.7818-1.9818 M

Doing Individual iid20A and iid20B
Found 107 Individuals in ['TSI']
Setting new Genotypes...
Finished chunked Genotypes
Setting new Genotypes...
Finished chunked Genotypes
Copying in Block: 0.0168-0.2166 M
Copying in Block: 0.0168-0.2166 M
Copying in Block: 0.6481-0.8482 M
Copying in Block: 0.6481-0.8482 M
Copying in Block: 1.1539-1.3539 M
Copying in Block: 1.1539-1.3539 M
Copying in Block: 1.7470-1.9466 M
Copying in Block: 1.7470-1.9466 M

Doing Individual iid21A and iid21B
Found 107 Individuals in ['TSI']
Setting new Genotypes...
Finished chunked Genotypes
Setting new Genotypes...
Finished chunked Genotypes
Copying in Block: 0.0721-0.2721 M
Copying in Block: 0.0721-0.2721 M
Copying in Block: 0.6922-0.8930 M
Copying in Block: 0.6922-0.8930 M
Copying in Block: 1.1648-1.3648 M
Copying in Block: 1.1648-1.3648 M
Copying in Block: 1.6825-1.8822 M
Copying in Block: 1.6825-1.8822 M

Doing Individual iid22A and iid22B
Found 107 Individuals in ['TSI']
Setting new Genotypes...
Finished chunked Genotypes
Setting new Genotypes...
Finished chunked Genotypes
Copying in Block: 0.0379-0.2367 M
Copying in Block: 0.0379-0.2367 M
Copying in Block: 0.6176-0.8179 M
Copying in Block: 0.6176-0.8179 M
Copying in Block: 1.1891-1.3897 M
Copying in Block: 1.1891-1.3897 M
Copying in Block: 1.8065-2.0052 M
Copying in Block: 1.8065-2.0052 M

Doing Individual iid23A and iid23B
Found 107 Individuals in ['TSI']
Setting new Genotypes...
Finished chunked Genotypes
Setting new Genotypes...
Finished chunked Genotypes
Copying in Block: 0.1514-0.3513 M
Copying in Block: 0.1514-0.3513 M
Copying in Block: 0.5784-0.7773 M
Copying in Block: 0.5784-0.7773 M
Copying in Block: 1.2240-1.4250 M
Copying in Block: 1.2240-1.4250 M
Copying in Block: 1.7138-1.9139 M
Copying in Block: 1.7138-1.9139 M

Doing Individual iid24A and iid24B
Found 107 Individuals in ['TSI']
Setting new Genotypes...
Finished chunked Genotypes
Setting new Genotypes...
Finished chunked Genotypes
Copying in Block: 0.0895-0.2891 M
Copying in Block: 0.0895-0.2891 M
Copying in Block: 0.5961-0.7961 M
Copying in Block: 0.5961-0.7961 M
Copying in Block: 1.1733-1.3732 M
Copying in Block: 1.1733-1.3732 M
Copying in Block: 1.7513-1.9518 M
Copying in Block: 1.7513-1.9518 M

Doing Individual iid25A and iid25B
Found 107 Individuals in ['TSI']
Setting new Genotypes...
Finished chunked Genotypes
Setting new Genotypes...
Finished chunked Genotypes
Copying in Block: 0.0453-0.2457 M
Copying in Block: 0.0453-0.2457 M
Copying in Block: 0.6454-0.8444 M
Copying in Block: 0.6454-0.8444 M
Copying in Block: 1.2306-1.4303 M
Copying in Block: 1.2306-1.4303 M
Copying in Block: 1.7096-1.9098 M
Copying in Block: 1.7096-1.9098 M

Doing Individual iid26A and iid26B
Found 107 Individuals in ['TSI']
Setting new Genotypes...
Finished chunked Genotypes
Setting new Genotypes...
Finished chunked Genotypes
Copying in Block: 0.0285-0.2284 M
Copying in Block: 0.0285-0.2284 M
Copying in Block: 0.6005-0.8009 M
Copying in Block: 0.6005-0.8009 M
Copying in Block: 1.1679-1.3676 M
Copying in Block: 1.1679-1.3676 M
Copying in Block: 1.8168-2.0167 M
Copying in Block: 1.8168-2.0167 M

Doing Individual iid27A and iid27B
Found 107 Individuals in ['TSI']
Setting new Genotypes...
Finished chunked Genotypes
Setting new Genotypes...
Finished chunked Genotypes
Copying in Block: 0.1397-0.3393 M
Copying in Block: 0.1397-0.3393 M
Copying in Block: 0.7008-0.9007 M
Copying in Block: 0.7008-0.9007 M
Copying in Block: 1.2106-1.4105 M
Copying in Block: 1.2106-1.4105 M
Copying in Block: 1.8307-2.0310 M
Copying in Block: 1.8307-2.0310 M

Doing Individual iid28A and iid28B
Found 107 Individuals in ['TSI']
Setting new Genotypes...
Finished chunked Genotypes
Setting new Genotypes...
Finished chunked Genotypes
Copying in Block: 0.0328-0.2330 M
Copying in Block: 0.0328-0.2330 M
Copying in Block: 0.5729-0.7740 M
Copying in Block: 0.5729-0.7740 M
Copying in Block: 1.1971-1.3972 M
Copying in Block: 1.1971-1.3972 M
Copying in Block: 1.7386-1.9385 M
Copying in Block: 1.7386-1.9385 M

Doing Individual iid29A and iid29B
Found 107 Individuals in ['TSI']
Setting new Genotypes...
Finished chunked Genotypes
Setting new Genotypes...
Finished chunked Genotypes
Copying in Block: 0.1537-0.3522 M
Copying in Block: 0.1537-0.3522 M
Copying in Block: 0.5604-0.7611 M
Copying in Block: 0.5604-0.7611 M
Copying in Block: 1.2031-1.4026 M
Copying in Block: 1.2031-1.4026 M
Copying in Block: 1.7987-1.9983 M
Copying in Block: 1.7987-1.9983 M

Doing Individual iid30A and iid30B
Found 107 Individuals in ['TSI']
Setting new Genotypes...
Finished chunked Genotypes
Setting new Genotypes...
Finished chunked Genotypes
Copying in Block: 0.1046-0.3046 M
Copying in Block: 0.1046-0.3046 M
Copying in Block: 0.6464-0.8462 M
Copying in Block: 0.6464-0.8462 M
Copying in Block: 1.2229-1.4230 M
Copying in Block: 1.2229-1.4230 M
Copying in Block: 1.7736-1.9745 M
Copying in Block: 1.7736-1.9745 M

Doing Individual iid31A and iid31B
Found 107 Individuals in ['TSI']
Setting new Genotypes...
Finished chunked Genotypes
Setting new Genotypes...
Finished chunked Genotypes
Copying in Block: 0.0093-0.2087 M
Copying in Block: 0.0093-0.2087 M
Copying in Block: 0.6793-0.8795 M
Copying in Block: 0.6793-0.8795 M
Copying in Block: 1.1863-1.3863 M
Copying in Block: 1.1863-1.3863 M
Copying in Block: 1.7330-1.9332 M
Copying in Block: 1.7330-1.9332 M

Doing Individual iid32A and iid32B
Found 107 Individuals in ['TSI']
Setting new Genotypes...
Finished chunked Genotypes
Setting new Genotypes...
Finished chunked Genotypes
Copying in Block: 0.1242-0.3241 M
Copying in Block: 0.1242-0.3241 M
Copying in Block: 0.6176-0.8179 M
Copying in Block: 0.6176-0.8179 M
Copying in Block: 1.2683-1.4682 M
Copying in Block: 1.2683-1.4682 M
Copying in Block: 1.7608-1.9608 M
Copying in Block: 1.7608-1.9608 M

Doing Individual iid33A and iid33B
Found 107 Individuals in ['TSI']
Setting new Genotypes...
Finished chunked Genotypes
Setting new Genotypes...
Finished chunked Genotypes
Copying in Block: 0.0784-0.2773 M
Copying in Block: 0.0784-0.2773 M
Copying in Block: 0.7024-0.9032 M
Copying in Block: 0.7024-0.9032 M
Copying in Block: 1.2632-1.4628 M
Copying in Block: 1.2632-1.4628 M
Copying in Block: 1.8020-2.0017 M
Copying in Block: 1.8020-2.0017 M

Doing Individual iid34A and iid34B
Found 107 Individuals in ['TSI']
Setting new Genotypes...
Finished chunked Genotypes
Setting new Genotypes...
Finished chunked Genotypes
Copying in Block: 0.1089-0.3091 M
Copying in Block: 0.1089-0.3091 M
Copying in Block: 0.6984-0.8989 M
Copying in Block: 0.6984-0.8989 M
Copying in Block: 1.1303-1.3304 M
Copying in Block: 1.1303-1.3304 M
Copying in Block: 1.7543-1.9538 M
Copying in Block: 1.7543-1.9538 M

Doing Individual iid35A and iid35B
Found 107 Individuals in ['TSI']
Setting new Genotypes...
Finished chunked Genotypes
Setting new Genotypes...
Finished chunked Genotypes
Copying in Block: 0.1390-0.3390 M
Copying in Block: 0.1390-0.3390 M
Copying in Block: 0.6429-0.8426 M
Copying in Block: 0.6429-0.8426 M
Copying in Block: 1.2503-1.4499 M
Copying in Block: 1.2503-1.4499 M
Copying in Block: 1.7021-1.9021 M
Copying in Block: 1.7021-1.9021 M

Doing Individual iid36A and iid36B
Found 107 Individuals in ['TSI']
Setting new Genotypes...
Finished chunked Genotypes
Setting new Genotypes...
Finished chunked Genotypes
Copying in Block: 0.0859-0.2857 M
Copying in Block: 0.0859-0.2857 M
Copying in Block: 0.6176-0.8179 M
Copying in Block: 0.6176-0.8179 M
Copying in Block: 1.2071-1.4072 M
Copying in Block: 1.2071-1.4072 M
Copying in Block: 1.7258-1.9258 M
Copying in Block: 1.7258-1.9258 M

Doing Individual iid37A and iid37B
Found 107 Individuals in ['TSI']
Setting new Genotypes...
Finished chunked Genotypes
Setting new Genotypes...
Finished chunked Genotypes
Copying in Block: 0.0472-0.2471 M
Copying in Block: 0.0472-0.2471 M
Copying in Block: 0.6331-0.8330 M
Copying in Block: 0.6331-0.8330 M
Copying in Block: 1.1509-1.3509 M
Copying in Block: 1.1509-1.3509 M
Copying in Block: 1.7402-1.9403 M
Copying in Block: 1.7402-1.9403 M

Doing Individual iid38A and iid38B
Found 107 Individuals in ['TSI']
Setting new Genotypes...
Finished chunked Genotypes
Setting new Genotypes...
Finished chunked Genotypes
Copying in Block: 0.0650-0.2649 M
Copying in Block: 0.0650-0.2649 M
Copying in Block: 0.5672-0.7679 M
Copying in Block: 0.5672-0.7679 M
Copying in Block: 1.1900-1.3900 M
Copying in Block: 1.1900-1.3900 M
Copying in Block: 1.7561-1.9561 M
Copying in Block: 1.7561-1.9561 M

Doing Individual iid39A and iid39B
Found 107 Individuals in ['TSI']
Setting new Genotypes...
Finished chunked Genotypes
Setting new Genotypes...
Finished chunked Genotypes
Copying in Block: 0.1390-0.3391 M
Copying in Block: 0.1390-0.3391 M
Copying in Block: 0.5784-0.7780 M
Copying in Block: 0.5784-0.7780 M
Copying in Block: 1.1560-1.3556 M
Copying in Block: 1.1560-1.3556 M
Copying in Block: 1.8230-2.0232 M
Copying in Block: 1.8230-2.0232 M

Doing Individual iid40A and iid40B
Found 107 Individuals in ['TSI']
Setting new Genotypes...
Finished chunked Genotypes
Setting new Genotypes...
Finished chunked Genotypes
Copying in Block: 0.1276-0.3282 M
Copying in Block: 0.1276-0.3282 M
Copying in Block: 0.6548-0.8551 M
Copying in Block: 0.6548-0.8551 M
Copying in Block: 1.1879-1.3879 M
Copying in Block: 1.1879-1.3879 M
Copying in Block: 1.7813-1.9810 M
Copying in Block: 1.7813-1.9810 M

Doing Individual iid41A and iid41B
Found 107 Individuals in ['TSI']
Setting new Genotypes...
Finished chunked Genotypes
Setting new Genotypes...
Finished chunked Genotypes
Copying in Block: 0.0654-0.2653 M
Copying in Block: 0.0654-0.2653 M
Copying in Block: 0.5638-0.7638 M
Copying in Block: 0.5638-0.7638 M
Copying in Block: 1.1833-1.3833 M
Copying in Block: 1.1833-1.3833 M
Copying in Block: 1.7340-1.9341 M
Copying in Block: 1.7340-1.9341 M

Doing Individual iid42A and iid42B
Found 107 Individuals in ['TSI']
Setting new Genotypes...
Finished chunked Genotypes
Setting new Genotypes...
Finished chunked Genotypes
Copying in Block: 0.1328-0.3329 M
Copying in Block: 0.1328-0.3329 M
Copying in Block: 0.7071-0.9072 M
Copying in Block: 0.7071-0.9072 M
Copying in Block: 1.1413-1.3401 M
Copying in Block: 1.1413-1.3401 M
Copying in Block: 1.7456-1.9455 M
Copying in Block: 1.7456-1.9455 M

Doing Individual iid43A and iid43B
Found 107 Individuals in ['TSI']
Setting new Genotypes...
Finished chunked Genotypes
Setting new Genotypes...
Finished chunked Genotypes
Copying in Block: 0.0937-0.2937 M
Copying in Block: 0.0937-0.2937 M
Copying in Block: 0.6150-0.8147 M
Copying in Block: 0.6150-0.8147 M
Copying in Block: 1.2399-1.4394 M
Copying in Block: 1.2399-1.4394 M
Copying in Block: 1.7300-1.9299 M
Copying in Block: 1.7300-1.9299 M

Doing Individual iid44A and iid44B
Found 107 Individuals in ['TSI']
Setting new Genotypes...
Finished chunked Genotypes
Setting new Genotypes...
Finished chunked Genotypes
Copying in Block: 0.1416-0.3411 M
Copying in Block: 0.1416-0.3411 M
Copying in Block: 0.5694-0.7694 M
Copying in Block: 0.5694-0.7694 M
Copying in Block: 1.1809-1.3813 M
Copying in Block: 1.1809-1.3813 M
Copying in Block: 1.6997-1.8995 M
Copying in Block: 1.6997-1.8995 M

Doing Individual iid45A and iid45B
Found 107 Individuals in ['TSI']
Setting new Genotypes...
Finished chunked Genotypes
Setting new Genotypes...
Finished chunked Genotypes
Copying in Block: 0.0150-0.2150 M
Copying in Block: 0.0150-0.2150 M
Copying in Block: 0.5761-0.7762 M
Copying in Block: 0.5761-0.7762 M
Copying in Block: 1.1313-1.3311 M
Copying in Block: 1.1313-1.3311 M
Copying in Block: 1.7988-1.9989 M
Copying in Block: 1.7988-1.9989 M

Doing Individual iid46A and iid46B
Found 107 Individuals in ['TSI']
Setting new Genotypes...
Finished chunked Genotypes
Setting new Genotypes...
Finished chunked Genotypes
Copying in Block: 0.0093-0.2091 M
Copying in Block: 0.0093-0.2091 M
Copying in Block: 0.6930-0.8930 M
Copying in Block: 0.6930-0.8930 M
Copying in Block: 1.1894-1.3897 M
Copying in Block: 1.1894-1.3897 M
Copying in Block: 1.6916-1.8916 M
Copying in Block: 1.6916-1.8916 M

Doing Individual iid47A and iid47B
Found 107 Individuals in ['TSI']
Setting new Genotypes...
Finished chunked Genotypes
Setting new Genotypes...
Finished chunked Genotypes
Copying in Block: 0.1289-0.3289 M
Copying in Block: 0.1289-0.3289 M
Copying in Block: 0.6413-0.8414 M
Copying in Block: 0.6413-0.8414 M
Copying in Block: 1.1842-1.3843 M
Copying in Block: 1.1842-1.3843 M
Copying in Block: 1.7537-1.9537 M
Copying in Block: 1.7537-1.9537 M

Doing Individual iid48A and iid48B
Found 107 Individuals in ['TSI']
Setting new Genotypes...
Finished chunked Genotypes
Setting new Genotypes...
Finished chunked Genotypes
Copying in Block: 0.0581-0.2581 M
Copying in Block: 0.0581-0.2581 M
Copying in Block: 0.5960-0.7960 M
Copying in Block: 0.5960-0.7960 M
Copying in Block: 1.1289-1.3289 M
Copying in Block: 1.1289-1.3289 M
Copying in Block: 1.7026-1.9028 M
Copying in Block: 1.7026-1.9028 M

Doing Individual iid49A and iid49B
Found 107 Individuals in ['TSI']
Setting new Genotypes...
Finished chunked Genotypes
Setting new Genotypes...
Finished chunked Genotypes
Copying in Block: 0.0949-0.2947 M
Copying in Block: 0.0949-0.2947 M
Copying in Block: 0.6299-0.8297 M
Copying in Block: 0.6299-0.8297 M
Copying in Block: 1.2217-1.4219 M
Copying in Block: 1.2217-1.4219 M
Copying in Block: 1.7368-1.9372 M
Copying in Block: 1.7368-1.9372 M

Doing Individual iid50A and iid50B
Found 107 Individuals in ['TSI']
Setting new Genotypes...
Finished chunked Genotypes
Setting new Genotypes...
Finished chunked Genotypes
Copying in Block: 0.1057-0.3056 M
Copying in Block: 0.1057-0.3056 M
Copying in Block: 0.6076-0.8077 M
Copying in Block: 0.6076-0.8077 M
Copying in Block: 1.2602-1.4590 M
Copying in Block: 1.2602-1.4590 M
Copying in Block: 1.7136-1.9139 M
Copying in Block: 1.7136-1.9139 M

Doing Individual iid51A and iid51B
Found 107 Individuals in ['TSI']
Setting new Genotypes...
Finished chunked Genotypes
Setting new Genotypes...
Finished chunked Genotypes
Copying in Block: 0.1247-0.3248 M
Copying in Block: 0.1247-0.3248 M
Copying in Block: 0.6756-0.8756 M
Copying in Block: 0.6756-0.8756 M
Copying in Block: 1.2089-1.4088 M
Copying in Block: 1.2089-1.4088 M
Copying in Block: 1.7736-1.9745 M
Copying in Block: 1.7736-1.9745 M

Doing Individual iid52A and iid52B
Found 107 Individuals in ['TSI']
Setting new Genotypes...
Finished chunked Genotypes
Setting new Genotypes...
Finished chunked Genotypes
Copying in Block: 0.1053-0.3054 M
Copying in Block: 0.1053-0.3054 M
Copying in Block: 0.6917-0.8916 M
Copying in Block: 0.6917-0.8916 M
Copying in Block: 1.1188-1.3182 M
Copying in Block: 1.1188-1.3182 M
Copying in Block: 1.8243-2.0244 M
Copying in Block: 1.8243-2.0244 M

Doing Individual iid53A and iid53B
Found 107 Individuals in ['TSI']
Setting new Genotypes...
Finished chunked Genotypes
Setting new Genotypes...
Finished chunked Genotypes
Copying in Block: 0.0379-0.2376 M
Copying in Block: 0.0379-0.2376 M
Copying in Block: 0.5796-0.7798 M
Copying in Block: 0.5796-0.7798 M
Copying in Block: 1.1471-1.3473 M
Copying in Block: 1.1471-1.3473 M
Copying in Block: 1.7217-1.9216 M
Copying in Block: 1.7217-1.9216 M

Doing Individual iid54A and iid54B
Found 107 Individuals in ['TSI']
Setting new Genotypes...
Finished chunked Genotypes
Setting new Genotypes...
Finished chunked Genotypes
Copying in Block: 0.0414-0.2415 M
Copying in Block: 0.0414-0.2415 M
Copying in Block: 0.6477-0.8477 M
Copying in Block: 0.6477-0.8477 M
Copying in Block: 1.1792-1.3792 M
Copying in Block: 1.1792-1.3792 M
Copying in Block: 1.6809-1.8810 M
Copying in Block: 1.6809-1.8810 M

Doing Individual iid55A and iid55B
Found 107 Individuals in ['TSI']
Setting new Genotypes...
Finished chunked Genotypes
Setting new Genotypes...
Finished chunked Genotypes
Copying in Block: 0.0122-0.2123 M
Copying in Block: 0.0122-0.2123 M
Copying in Block: 0.7132-0.9133 M
Copying in Block: 0.7132-0.9133 M
Copying in Block: 1.1295-1.3295 M
Copying in Block: 1.1295-1.3295 M
Copying in Block: 1.7760-1.9760 M
Copying in Block: 1.7760-1.9760 M

Doing Individual iid56A and iid56B
Found 107 Individuals in ['TSI']
Setting new Genotypes...
Finished chunked Genotypes
Setting new Genotypes...
Finished chunked Genotypes
Copying in Block: 0.1339-0.3343 M
Copying in Block: 0.1339-0.3343 M
Copying in Block: 0.6005-0.8009 M
Copying in Block: 0.6005-0.8009 M
Copying in Block: 1.2415-1.4417 M
Copying in Block: 1.2415-1.4417 M
Copying in Block: 1.6800-1.8802 M
Copying in Block: 1.6800-1.8802 M

Doing Individual iid57A and iid57B
Found 107 Individuals in ['TSI']
Setting new Genotypes...
Finished chunked Genotypes
Setting new Genotypes...
Finished chunked Genotypes
Copying in Block: 0.0697-0.2703 M
Copying in Block: 0.0697-0.2703 M
Copying in Block: 0.6413-0.8414 M
Copying in Block: 0.6413-0.8414 M
Copying in Block: 1.1965-1.3961 M
Copying in Block: 1.1965-1.3961 M
Copying in Block: 1.7456-1.9450 M
Copying in Block: 1.7456-1.9450 M

Doing Individual iid58A and iid58B
Found 107 Individuals in ['TSI']
Setting new Genotypes...
Finished chunked Genotypes
Setting new Genotypes...
Finished chunked Genotypes
Copying in Block: 0.1015-0.3018 M
Copying in Block: 0.1015-0.3018 M
Copying in Block: 0.6607-0.8609 M
Copying in Block: 0.6607-0.8609 M
Copying in Block: 1.2450-1.4452 M
Copying in Block: 1.2450-1.4452 M
Copying in Block: 1.7391-1.9392 M
Copying in Block: 1.7391-1.9392 M

Doing Individual iid59A and iid59B
Found 107 Individuals in ['TSI']
Setting new Genotypes...
Finished chunked Genotypes
Setting new Genotypes...
Finished chunked Genotypes
Copying in Block: 0.0937-0.2936 M
Copying in Block: 0.0937-0.2936 M
Copying in Block: 0.6842-0.8842 M
Copying in Block: 0.6842-0.8842 M
Copying in Block: 1.2182-1.4173 M
Copying in Block: 1.2182-1.4173 M
Copying in Block: 1.6794-1.8782 M
Copying in Block: 1.6794-1.8782 M

Doing Individual iid60A and iid60B
Found 107 Individuals in ['TSI']
Setting new Genotypes...
Finished chunked Genotypes
Setting new Genotypes...
Finished chunked Genotypes
Copying in Block: 0.0314-0.2314 M
Copying in Block: 0.0314-0.2314 M
Copying in Block: 0.6282-0.8287 M
Copying in Block: 0.6282-0.8287 M
Copying in Block: 1.1827-1.3827 M
Copying in Block: 1.1827-1.3827 M
Copying in Block: 1.7557-1.9557 M
Copying in Block: 1.7557-1.9557 M

Doing Individual iid61A and iid61B
Found 107 Individuals in ['TSI']
Setting new Genotypes...
Finished chunked Genotypes
Setting new Genotypes...
Finished chunked Genotypes
Copying in Block: 0.1023-0.3024 M
Copying in Block: 0.1023-0.3024 M
Copying in Block: 0.6312-0.8313 M
Copying in Block: 0.6312-0.8313 M
Copying in Block: 1.2414-1.4414 M
Copying in Block: 1.2414-1.4414 M
Copying in Block: 1.7603-1.9598 M
Copying in Block: 1.7603-1.9598 M

Doing Individual iid62A and iid62B
Found 107 Individuals in ['TSI']
Setting new Genotypes...
Finished chunked Genotypes
Setting new Genotypes...
Finished chunked Genotypes
Copying in Block: 0.1221-0.3225 M
Copying in Block: 0.1221-0.3225 M
Copying in Block: 0.6423-0.8416 M
Copying in Block: 0.6423-0.8416 M
Copying in Block: 1.2267-1.4270 M
Copying in Block: 1.2267-1.4270 M
Copying in Block: 1.7004-1.9005 M
Copying in Block: 1.7004-1.9005 M

Doing Individual iid63A and iid63B
Found 107 Individuals in ['TSI']
Setting new Genotypes...
Finished chunked Genotypes
Setting new Genotypes...
Finished chunked Genotypes
Copying in Block: 0.1416-0.3411 M
Copying in Block: 0.1416-0.3411 M
Copying in Block: 0.5667-0.7666 M
Copying in Block: 0.5667-0.7666 M
Copying in Block: 1.1882-1.3882 M
Copying in Block: 1.1882-1.3882 M
Copying in Block: 1.7261-1.9261 M
Copying in Block: 1.7261-1.9261 M

Doing Individual iid64A and iid64B
Found 107 Individuals in ['TSI']
Setting new Genotypes...
Finished chunked Genotypes
Setting new Genotypes...
Finished chunked Genotypes
Copying in Block: 0.0811-0.2811 M
Copying in Block: 0.0811-0.2811 M
Copying in Block: 0.6122-0.8123 M
Copying in Block: 0.6122-0.8123 M
Copying in Block: 1.2083-1.4087 M
Copying in Block: 1.2083-1.4087 M
Copying in Block: 1.8139-2.0141 M
Copying in Block: 1.8139-2.0141 M

Doing Individual iid65A and iid65B
Found 107 Individuals in ['TSI']
Setting new Genotypes...
Finished chunked Genotypes
Setting new Genotypes...
Finished chunked Genotypes
Copying in Block: 0.0671-0.2668 M
Copying in Block: 0.0671-0.2668 M
Copying in Block: 0.5611-0.7611 M
Copying in Block: 0.5611-0.7611 M
Copying in Block: 1.2010-1.4006 M
Copying in Block: 1.2010-1.4006 M
Copying in Block: 1.7730-1.9730 M
Copying in Block: 1.7730-1.9730 M

Doing Individual iid66A and iid66B
Found 107 Individuals in ['TSI']
Setting new Genotypes...
Finished chunked Genotypes
Setting new Genotypes...
Finished chunked Genotypes
Copying in Block: 0.1063-0.3063 M
Copying in Block: 0.1063-0.3063 M
Copying in Block: 0.5703-0.7703 M
Copying in Block: 0.5703-0.7703 M
Copying in Block: 1.1781-1.3778 M
Copying in Block: 1.1781-1.3778 M
Copying in Block: 1.7938-1.9938 M
Copying in Block: 1.7938-1.9938 M

Doing Individual iid67A and iid67B
Found 107 Individuals in ['TSI']
Setting new Genotypes...
Finished chunked Genotypes
Setting new Genotypes...
Finished chunked Genotypes
Copying in Block: 0.0811-0.2811 M
Copying in Block: 0.0811-0.2811 M
Copying in Block: 0.6229-0.8230 M
Copying in Block: 0.6229-0.8230 M
Copying in Block: 1.2114-1.4117 M
Copying in Block: 1.2114-1.4117 M
Copying in Block: 1.7582-1.9584 M
Copying in Block: 1.7582-1.9584 M

Doing Individual iid68A and iid68B
Found 107 Individuals in ['TSI']
Setting new Genotypes...
Finished chunked Genotypes
Setting new Genotypes...
Finished chunked Genotypes
Copying in Block: 0.0095-0.2095 M
Copying in Block: 0.0095-0.2095 M
Copying in Block: 0.6204-0.8218 M
Copying in Block: 0.6204-0.8218 M
Copying in Block: 1.1965-1.3963 M
Copying in Block: 1.1965-1.3963 M
Copying in Block: 1.7347-1.9347 M
Copying in Block: 1.7347-1.9347 M

Doing Individual iid69A and iid69B
Found 107 Individuals in ['TSI']
Setting new Genotypes...
Finished chunked Genotypes
Setting new Genotypes...
Finished chunked Genotypes
Copying in Block: 0.1140-0.3141 M
Copying in Block: 0.1140-0.3141 M
Copying in Block: 0.5617-0.7615 M
Copying in Block: 0.5617-0.7615 M
Copying in Block: 1.2121-1.4121 M
Copying in Block: 1.2121-1.4121 M
Copying in Block: 1.7694-1.9693 M
Copying in Block: 1.7694-1.9693 M

Doing Individual iid70A and iid70B
Found 107 Individuals in ['TSI']
Setting new Genotypes...
Finished chunked Genotypes
Setting new Genotypes...
Finished chunked Genotypes
Copying in Block: 0.1180-0.3178 M
Copying in Block: 0.1180-0.3178 M
Copying in Block: 0.6524-0.8524 M
Copying in Block: 0.6524-0.8524 M
Copying in Block: 1.1566-1.3570 M
Copying in Block: 1.1566-1.3570 M
Copying in Block: 1.7628-1.9621 M
Copying in Block: 1.7628-1.9621 M

Doing Individual iid71A and iid71B
Found 107 Individuals in ['TSI']
Setting new Genotypes...
Finished chunked Genotypes
Setting new Genotypes...
Finished chunked Genotypes
Copying in Block: 0.0578-0.2578 M
Copying in Block: 0.0578-0.2578 M
Copying in Block: 0.6402-0.8400 M
Copying in Block: 0.6402-0.8400 M
Copying in Block: 1.1295-1.3295 M
Copying in Block: 1.1295-1.3295 M
Copying in Block: 1.8107-2.0107 M
Copying in Block: 1.8107-2.0107 M

Doing Individual iid72A and iid72B
Found 107 Individuals in ['TSI']
Setting new Genotypes...
Finished chunked Genotypes
Setting new Genotypes...
Finished chunked Genotypes
Copying in Block: 0.1094-0.3095 M
Copying in Block: 0.1094-0.3095 M
Copying in Block: 0.5725-0.7724 M
Copying in Block: 0.5725-0.7724 M
Copying in Block: 1.1607-1.3600 M
Copying in Block: 1.1607-1.3600 M
Copying in Block: 1.7037-1.9038 M
Copying in Block: 1.7037-1.9038 M

Doing Individual iid73A and iid73B
Found 107 Individuals in ['TSI']
Setting new Genotypes...
Finished chunked Genotypes
Setting new Genotypes...
Finished chunked Genotypes
Copying in Block: 0.0637-0.2636 M
Copying in Block: 0.0637-0.2636 M
Copying in Block: 0.6548-0.8551 M
Copying in Block: 0.6548-0.8551 M
Copying in Block: 1.2490-1.4491 M
Copying in Block: 1.2490-1.4491 M
Copying in Block: 1.7295-1.9292 M
Copying in Block: 1.7295-1.9292 M

Doing Individual iid74A and iid74B
Found 107 Individuals in ['TSI']
Setting new Genotypes...
Finished chunked Genotypes
Setting new Genotypes...
Finished chunked Genotypes
Copying in Block: 0.1373-0.3380 M
Copying in Block: 0.1373-0.3380 M
Copying in Block: 0.6075-0.8075 M
Copying in Block: 0.6075-0.8075 M
Copying in Block: 1.2503-1.4498 M
Copying in Block: 1.2503-1.4498 M
Copying in Block: 1.7357-1.9351 M
Copying in Block: 1.7357-1.9351 M

Doing Individual iid75A and iid75B
Found 107 Individuals in ['TSI']
Setting new Genotypes...
Finished chunked Genotypes
Setting new Genotypes...
Finished chunked Genotypes
Copying in Block: 0.0661-0.2659 M
Copying in Block: 0.0661-0.2659 M
Copying in Block: 0.7126-0.9127 M
Copying in Block: 0.7126-0.9127 M
Copying in Block: 1.2320-1.4331 M
Copying in Block: 1.2320-1.4331 M
Copying in Block: 1.7972-1.9973 M
Copying in Block: 1.7972-1.9973 M

Doing Individual iid76A and iid76B
Found 107 Individuals in ['TSI']
Setting new Genotypes...
Finished chunked Genotypes
Setting new Genotypes...
Finished chunked Genotypes
Copying in Block: 0.0517-0.2518 M
Copying in Block: 0.0517-0.2518 M
Copying in Block: 0.6434-0.8433 M
Copying in Block: 0.6434-0.8433 M
Copying in Block: 1.2399-1.4394 M
Copying in Block: 1.2399-1.4394 M
Copying in Block: 1.6909-1.8911 M
Copying in Block: 1.6909-1.8911 M

Doing Individual iid77A and iid77B
Found 107 Individuals in ['TSI']
Setting new Genotypes...
Finished chunked Genotypes
Setting new Genotypes...
Finished chunked Genotypes
Copying in Block: 0.0565-0.2565 M
Copying in Block: 0.0565-0.2565 M
Copying in Block: 0.6181-0.8181 M
Copying in Block: 0.6181-0.8181 M
Copying in Block: 1.1421-1.3423 M
Copying in Block: 1.1421-1.3423 M
Copying in Block: 1.7066-1.9067 M
Copying in Block: 1.7066-1.9067 M

Doing Individual iid78A and iid78B
Found 107 Individuals in ['TSI']
Setting new Genotypes...
Finished chunked Genotypes
Setting new Genotypes...
Finished chunked Genotypes
Copying in Block: 0.0632-0.2636 M
Copying in Block: 0.0632-0.2636 M
Copying in Block: 0.5784-0.7775 M
Copying in Block: 0.5784-0.7775 M
Copying in Block: 1.2441-1.4440 M
Copying in Block: 1.2441-1.4440 M
Copying in Block: 1.6959-1.8960 M
Copying in Block: 1.6959-1.8960 M

Doing Individual iid79A and iid79B
Found 107 Individuals in ['TSI']
Setting new Genotypes...
Finished chunked Genotypes
Setting new Genotypes...
Finished chunked Genotypes
Copying in Block: 0.1482-0.3486 M
Copying in Block: 0.1482-0.3486 M
Copying in Block: 0.6529-0.8529 M
Copying in Block: 0.6529-0.8529 M
Copying in Block: 1.1242-1.3241 M
Copying in Block: 1.1242-1.3241 M
Copying in Block: 1.7242-1.9242 M
Copying in Block: 1.7242-1.9242 M

Doing Individual iid80A and iid80B
Found 107 Individuals in ['TSI']
Setting new Genotypes...
Finished chunked Genotypes
Setting new Genotypes...
Finished chunked Genotypes
Copying in Block: 0.0859-0.2857 M
Copying in Block: 0.0859-0.2857 M
Copying in Block: 0.5617-0.7613 M
Copying in Block: 0.5617-0.7613 M
Copying in Block: 1.1749-1.3754 M
Copying in Block: 1.1749-1.3754 M
Copying in Block: 1.7505-1.9518 M
Copying in Block: 1.7505-1.9518 M

Doing Individual iid81A and iid81B
Found 107 Individuals in ['TSI']
Setting new Genotypes...
Finished chunked Genotypes
Setting new Genotypes...
Finished chunked Genotypes
Copying in Block: 0.0202-0.2215 M
Copying in Block: 0.0202-0.2215 M
Copying in Block: 0.6999-0.9007 M
Copying in Block: 0.6999-0.9007 M
Copying in Block: 1.2020-1.4026 M
Copying in Block: 1.2020-1.4026 M
Copying in Block: 1.7792-1.9796 M
Copying in Block: 1.7792-1.9796 M

Doing Individual iid82A and iid82B
Found 107 Individuals in ['TSI']
Setting new Genotypes...
Finished chunked Genotypes
Setting new Genotypes...
Finished chunked Genotypes
Copying in Block: 0.0093-0.2091 M
Copying in Block: 0.0093-0.2091 M
Copying in Block: 0.6828-0.8828 M
Copying in Block: 0.6828-0.8828 M
Copying in Block: 1.2520-1.4527 M
Copying in Block: 1.2520-1.4527 M
Copying in Block: 1.7692-1.9691 M
Copying in Block: 1.7692-1.9691 M

Doing Individual iid83A and iid83B
Found 107 Individuals in ['TSI']
Setting new Genotypes...
Finished chunked Genotypes
Setting new Genotypes...
Finished chunked Genotypes
Copying in Block: 0.1299-0.3298 M
Copying in Block: 0.1299-0.3298 M
Copying in Block: 0.5893-0.7893 M
Copying in Block: 0.5893-0.7893 M
Copying in Block: 1.2031-1.4026 M
Copying in Block: 1.2031-1.4026 M
Copying in Block: 1.7104-1.9105 M
Copying in Block: 1.7104-1.9105 M

Doing Individual iid84A and iid84B
Found 107 Individuals in ['TSI']
Setting new Genotypes...
Finished chunked Genotypes
Setting new Genotypes...
Finished chunked Genotypes
Copying in Block: 0.1401-0.3399 M
Copying in Block: 0.1401-0.3399 M
Copying in Block: 0.6456-0.8456 M
Copying in Block: 0.6456-0.8456 M
Copying in Block: 1.1282-1.3282 M
Copying in Block: 1.1282-1.3282 M
Copying in Block: 1.7272-1.9271 M
Copying in Block: 1.7272-1.9271 M

Doing Individual iid85A and iid85B
Found 107 Individuals in ['TSI']
Setting new Genotypes...
Finished chunked Genotypes
Setting new Genotypes...
Finished chunked Genotypes
Copying in Block: 0.1218-0.3213 M
Copying in Block: 0.1218-0.3213 M
Copying in Block: 0.6922-0.8920 M
Copying in Block: 0.6922-0.8920 M
Copying in Block: 1.2490-1.4480 M
Copying in Block: 1.2490-1.4480 M
Copying in Block: 1.7357-1.9350 M
Copying in Block: 1.7357-1.9350 M

Doing Individual iid86A and iid86B
Found 107 Individuals in ['TSI']
Setting new Genotypes...
Finished chunked Genotypes
Setting new Genotypes...
Finished chunked Genotypes
Copying in Block: 0.1069-0.3079 M
Copying in Block: 0.1069-0.3079 M
Copying in Block: 0.7024-0.9020 M
Copying in Block: 0.7024-0.9020 M
Copying in Block: 1.1437-1.3438 M
Copying in Block: 1.1437-1.3438 M
Copying in Block: 1.6761-1.8764 M
Copying in Block: 1.6761-1.8764 M

Doing Individual iid87A and iid87B
Found 107 Individuals in ['TSI']
Setting new Genotypes...
Finished chunked Genotypes
Setting new Genotypes...
Finished chunked Genotypes
Copying in Block: 0.1356-0.3355 M
Copying in Block: 0.1356-0.3355 M
Copying in Block: 0.6338-0.8348 M
Copying in Block: 0.6338-0.8348 M
Copying in Block: 1.2673-1.4675 M
Copying in Block: 1.2673-1.4675 M
Copying in Block: 1.7438-1.9436 M
Copying in Block: 1.7438-1.9436 M

Doing Individual iid88A and iid88B
Found 107 Individuals in ['TSI']
Setting new Genotypes...
Finished chunked Genotypes
Setting new Genotypes...
Finished chunked Genotypes
Copying in Block: 0.0609-0.2609 M
Copying in Block: 0.0609-0.2609 M
Copying in Block: 0.6882-0.8882 M
Copying in Block: 0.6882-0.8882 M
Copying in Block: 1.2422-1.4423 M
Copying in Block: 1.2422-1.4423 M
Copying in Block: 1.6761-1.8764 M
Copying in Block: 1.6761-1.8764 M

Doing Individual iid89A and iid89B
Found 107 Individuals in ['TSI']
Setting new Genotypes...
Finished chunked Genotypes
Setting new Genotypes...
Finished chunked Genotypes
Copying in Block: 0.0861-0.2862 M
Copying in Block: 0.0861-0.2862 M
Copying in Block: 0.6738-0.8737 M
Copying in Block: 0.6738-0.8737 M
Copying in Block: 1.1343-1.3343 M
Copying in Block: 1.1343-1.3343 M
Copying in Block: 1.7357-1.9352 M
Copying in Block: 1.7357-1.9352 M

Doing Individual iid90A and iid90B
Found 107 Individuals in ['TSI']
Setting new Genotypes...
Finished chunked Genotypes
Setting new Genotypes...
Finished chunked Genotypes
Copying in Block: 0.0002-0.2001 M
Copying in Block: 0.0002-0.2001 M
Copying in Block: 0.5617-0.7613 M
Copying in Block: 0.5617-0.7613 M
Copying in Block: 1.1481-1.3481 M
Copying in Block: 1.1481-1.3481 M
Copying in Block: 1.8203-2.0196 M
Copying in Block: 1.8203-2.0196 M

Doing Individual iid91A and iid91B
Found 107 Individuals in ['TSI']
Setting new Genotypes...
Finished chunked Genotypes
Setting new Genotypes...
Finished chunked Genotypes
Copying in Block: 0.0438-0.2439 M
Copying in Block: 0.0438-0.2439 M
Copying in Block: 0.5693-0.7693 M
Copying in Block: 0.5693-0.7693 M
Copying in Block: 1.1864-1.3864 M
Copying in Block: 1.1864-1.3864 M
Copying in Block: 1.8065-2.0052 M
Copying in Block: 1.8065-2.0052 M

Doing Individual iid92A and iid92B
Found 107 Individuals in ['TSI']
Setting new Genotypes...
Finished chunked Genotypes
Setting new Genotypes...
Finished chunked Genotypes
Copying in Block: 0.1046-0.3042 M
Copying in Block: 0.1046-0.3042 M
Copying in Block: 0.6557-0.8564 M
Copying in Block: 0.6557-0.8564 M
Copying in Block: 1.1303-1.3299 M
Copying in Block: 1.1303-1.3299 M
Copying in Block: 1.7962-1.9958 M
Copying in Block: 1.7962-1.9958 M

Doing Individual iid93A and iid93B
Found 107 Individuals in ['TSI']
Setting new Genotypes...
Finished chunked Genotypes
Setting new Genotypes...
Finished chunked Genotypes
Copying in Block: 0.0960-0.2961 M
Copying in Block: 0.0960-0.2961 M
Copying in Block: 0.6842-0.8842 M
Copying in Block: 0.6842-0.8842 M
Copying in Block: 1.2302-1.4302 M
Copying in Block: 1.2302-1.4302 M
Copying in Block: 1.7162-1.9163 M
Copying in Block: 1.7162-1.9163 M

Doing Individual iid94A and iid94B
Found 107 Individuals in ['TSI']
Setting new Genotypes...
Finished chunked Genotypes
Setting new Genotypes...
Finished chunked Genotypes
Copying in Block: 0.1444-0.3444 M
Copying in Block: 0.1444-0.3444 M
Copying in Block: 0.6734-0.8732 M
Copying in Block: 0.6734-0.8732 M
Copying in Block: 1.1413-1.3401 M
Copying in Block: 1.1413-1.3401 M
Copying in Block: 1.7161-1.9163 M
Copying in Block: 1.7161-1.9163 M

Doing Individual iid95A and iid95B
Found 107 Individuals in ['TSI']
Setting new Genotypes...
Finished chunked Genotypes
Setting new Genotypes...
Finished chunked Genotypes
Copying in Block: 0.0097-0.2095 M
Copying in Block: 0.0097-0.2095 M
Copying in Block: 0.7009-0.9009 M
Copying in Block: 0.7009-0.9009 M
Copying in Block: 1.1473-1.3473 M
Copying in Block: 1.1473-1.3473 M
Copying in Block: 1.7287-1.9288 M
Copying in Block: 1.7287-1.9288 M

Doing Individual iid96A and iid96B
Found 107 Individuals in ['TSI']
Setting new Genotypes...
Finished chunked Genotypes
Setting new Genotypes...
Finished chunked Genotypes
Copying in Block: 0.1567-0.3568 M
Copying in Block: 0.1567-0.3568 M
Copying in Block: 0.6131-0.8131 M
Copying in Block: 0.6131-0.8131 M
Copying in Block: 1.2697-1.4695 M
Copying in Block: 1.2697-1.4695 M
Copying in Block: 1.8082-2.0079 M
Copying in Block: 1.8082-2.0079 M

Doing Individual iid97A and iid97B
Found 107 Individuals in ['TSI']
Setting new Genotypes...
Finished chunked Genotypes
Setting new Genotypes...
Finished chunked Genotypes
Copying in Block: 0.1292-0.3290 M
Copying in Block: 0.1292-0.3290 M
Copying in Block: 0.7100-0.9100 M
Copying in Block: 0.7100-0.9100 M
Copying in Block: 1.1435-1.3434 M
Copying in Block: 1.1435-1.3434 M
Copying in Block: 1.7020-1.9021 M
Copying in Block: 1.7020-1.9021 M

Doing Individual iid98A and iid98B
Found 107 Individuals in ['TSI']
Setting new Genotypes...
Finished chunked Genotypes
Setting new Genotypes...
Finished chunked Genotypes
Copying in Block: 0.1506-0.3503 M
Copying in Block: 0.1506-0.3503 M
Copying in Block: 0.6783-0.8781 M
Copying in Block: 0.6783-0.8781 M
Copying in Block: 1.2565-1.4566 M
Copying in Block: 1.2565-1.4566 M
Copying in Block: 1.8031-2.0039 M
Copying in Block: 1.8031-2.0039 M

Doing Individual iid99A and iid99B
Found 107 Individuals in ['TSI']
Setting new Genotypes...
Finished chunked Genotypes
Setting new Genotypes...
Finished chunked Genotypes
Copying in Block: 0.1356-0.3347 M
Copying in Block: 0.1356-0.3347 M
Copying in Block: 0.6640-0.8639 M
Copying in Block: 0.6640-0.8639 M
Copying in Block: 1.2675-1.4677 M
Copying in Block: 1.2675-1.4677 M
Copying in Block: 1.6893-1.8893 M
Copying in Block: 1.6893-1.8893 M
Finished creating genotypes. Dimension: (77652, 200, 2)
Successfully saved to /n/groups/reich/hringbauer/git/hapBLOCK/output/simulated/TSI/ch3_20cm/ibd_info.csv
Successfully saved 200 individuals to: /n/groups/reich/hringbauer/git/hapBLOCK/output/simulated/TSI/ch3_20cm/sim_ch3.h5
